2024.10.11 08:06:30 INFO  Started: Metals version 1.3.5 in folders '/Users/toviasnunezborrero/Documents/GitHub/ProgrammierkonzepteDataMining/Uebung1' for client Visual Studio Code 1.92.1.
SLF4J(W): Class path contains multiple SLF4J providers.
SLF4J(W): Found provider [scribe.slf4j.ScribeServiceProvider@6895470d]
SLF4J(W): Found provider [ch.qos.logback.classic.spi.LogbackServiceProvider@691fef5e]
SLF4J(W): See https://www.slf4j.org/codes.html#multiple_bindings for an explanation.
SLF4J(I): Actual provider is of type [scribe.slf4j.ScribeServiceProvider@6895470d]
2024.10.11 08:06:31 WARN  Flyway upgrade recommended: H2 2.3.230 is newer than this version of Flyway and support has not been tested. The latest supported version of H2 is 2.2.220.
2024.10.11 08:06:33 INFO  no build target found for /Users/toviasnunezborrero/Documents/GitHub/ProgrammierkonzepteDataMining/Uebung1/src/test/scala/test/RationalTest.scala. Using presentation compiler with project's scala-library version: 3.3.3
Okt. 11, 2024 8:06:34 AM org.eclipse.lsp4j.jsonrpc.services.GenericEndpoint notify
INFORMATION: Unsupported notification method: $/setTrace
Okt. 11, 2024 8:06:34 AM org.eclipse.lsp4j.jsonrpc.RemoteEndpoint handleCancellation
WARNUNG: Unmatched cancel notification for request id 4
2024.10.11 08:06:55 INFO  no build target found for /Users/toviasnunezborrero/Documents/GitHub/ProgrammierkonzepteDataMining/Uebung1/src/test/scala/test/RationalTest.scala. Using presentation compiler with project's scala-library version: 3.3.3
2024.10.11 08:07:00 INFO  no build target found for /Users/toviasnunezborrero/Documents/GitHub/ProgrammierkonzepteDataMining/Uebung1/src/test/scala/test/RationalTest.scala. Using presentation compiler with project's scala-library version: 3.3.3
2024.10.11 08:07:18 INFO  no build target found for /Users/toviasnunezborrero/Documents/GitHub/ProgrammierkonzepteDataMining/Uebung1/src/test/scala/test/RationalTest.scala. Using presentation compiler with project's scala-library version: 3.3.3
2024.10.11 08:07:44 INFO  no build target found for /Users/toviasnunezborrero/Documents/GitHub/ProgrammierkonzepteDataMining/Uebung1/src/test/scala/test/RationalTest.scala. Using presentation compiler with project's scala-library version: 3.3.3
2024.10.11 08:07:47 INFO  no build target found for /Users/toviasnunezborrero/Documents/GitHub/ProgrammierkonzepteDataMining/Uebung1/build.sbt. Using presentation compiler with project's scala-library version: 3.3.3
2024.10.11 08:10:56 INFO  no build target found for /Users/toviasnunezborrero/Documents/GitHub/ProgrammierkonzepteDataMining/Uebung1/build.sbt. Using presentation compiler with project's scala-library version: 3.3.3
2024.10.11 08:12:26 INFO  no build target found for /Users/toviasnunezborrero/Documents/GitHub/ProgrammierkonzepteDataMining/Uebung1/src/test/scala/test/RationalTest.scala. Using presentation compiler with project's scala-library version: 3.3.3
2024.10.11 08:12:32 INFO  no build target found for /Users/toviasnunezborrero/Documents/GitHub/ProgrammierkonzepteDataMining/Uebung1/src/test/scala/test/RationalTest.scala. Using presentation compiler with project's scala-library version: 3.3.3
2024.10.11 08:12:32 INFO  no build target found for /Users/toviasnunezborrero/Documents/GitHub/ProgrammierkonzepteDataMining/Uebung1/src/test/scala/test/RationalTest.scala. Using presentation compiler with project's scala-library version: 3.3.3
2024.10.11 08:12:33 INFO  no build target found for /Users/toviasnunezborrero/Documents/GitHub/ProgrammierkonzepteDataMining/Uebung1/src/test/scala/test/RationalTest.scala. Using presentation compiler with project's scala-library version: 3.3.3
2024.10.11 08:12:33 INFO  no build target found for /Users/toviasnunezborrero/Documents/GitHub/ProgrammierkonzepteDataMining/Uebung1/src/test/scala/test/RationalTest.scala. Using presentation compiler with project's scala-library version: 3.3.3
2024.10.11 08:12:51 INFO  no build target found for /Users/toviasnunezborrero/Documents/GitHub/ProgrammierkonzepteDataMining/Uebung1/src/test/scala/test/RationalTest.scala. Using presentation compiler with project's scala-library version: 3.3.3
2024.10.11 08:13:43 INFO  no build target found for /Users/toviasnunezborrero/Documents/GitHub/ProgrammierkonzepteDataMining/Uebung1/src/test/scala/test/RationalTest.scala. Using presentation compiler with project's scala-library version: 3.3.3
2024.10.11 09:04:20 INFO  no build target found for /Users/toviasnunezborrero/Documents/GitHub/ProgrammierkonzepteDataMining/Uebung1/src/test/scala/test/RationalTest.scala. Using presentation compiler with project's scala-library version: 3.3.3
2024.10.11 09:04:24 INFO  no build target found for /Users/toviasnunezborrero/Documents/GitHub/ProgrammierkonzepteDataMining/Uebung1/src/test/scala/test/RationalTest.scala. Using presentation compiler with project's scala-library version: 3.3.3
2024.10.11 09:04:25 INFO  no build target found for /Users/toviasnunezborrero/Documents/GitHub/ProgrammierkonzepteDataMining/Uebung1/build.sbt. Using presentation compiler with project's scala-library version: 3.3.3
2024.10.11 09:04:26 INFO  no build target found for /Users/toviasnunezborrero/Documents/GitHub/ProgrammierkonzepteDataMining/Uebung1/build.sbt. Using presentation compiler with project's scala-library version: 3.3.3
