[debug] > Exec(early(addDefaultCommands), None, None)
[debug] > Exec(addDefaultCommands, None, None)
[debug] > Exec(early(initialize), None, None)
[debug] > Exec(initialize, None, None)
[debug] > Exec(boot, None, None)
[debug] > Exec(writeSbtVersion, None, None)
[debug] > Exec(reload, None, None)
[debug] > Exec(sbtStashOnFailure, None, None)
[debug] > Exec(onFailure loadFailed, None, None)
[debug] > Exec(loadp, None, None)
[info] welcome to sbt 1.10.2 (Homebrew Java 23.0.1)
[debug] Load.defaultLoad until apply took 271.048806ms
[debug]           Load.loadUnit: plugins took 251.430866ms
[debug]           Load.loadUnit: defsScala took 0.529722ms
[debug] [Loading] Scanning directory /Users/toviasnunezborrero/Documents/GitHub/ProgrammierkonzepteDataMining/Beleg2AufgabeSpotify/project
[debug] [Loading] Found non-root projects 
[debug] [Loading] Done in /Users/toviasnunezborrero/Documents/GitHub/ProgrammierkonzepteDataMining/Beleg2AufgabeSpotify/project, returning: ()
[debug] deducing auto plugins based on known facts Set(Atom(sbt.plugins.CorePlugin)) and clauses Clauses(Clause(Atom(sbt.plugins.JvmPlugin),Set(Atom(sbt.plugins.IvyPlugin)))
[debug] Clause(Atom(sbt.ScriptedPlugin),Set(Atom(sbt.plugins.JvmPlugin)))
[debug] Clause(Atom(sbt.plugins.SbtPlugin),Set(Atom(sbt.ScriptedPlugin)))
[debug] Clause(Atom(sbt.plugins.SemanticdbPlugin),Set(Atom(sbt.plugins.JvmPlugin)))
[debug] Clause(Atom(sbt.plugins.JUnitXmlReportPlugin),Set(Atom(sbt.plugins.JvmPlugin)))
[debug] Clause(Atom(sbt.plugins.MiniDependencyTreePlugin),Set(Atom(sbt.plugins.JvmPlugin)))
[debug] Clause(Atom(sbt.plugins.CorePlugin),Set(Atom(sbt.plugins.IvyPlugin)))
[debug] Clause(Atom(sbt.plugins.IvyPlugin),Set(Atom(sbt.plugins.JvmPlugin)))
[debug] Clause(Atom(sbt.plugins.JvmPlugin),Set(Atom(sbt.plugins.SemanticdbPlugin)))
[debug] Clause(Atom(sbt.plugins.JvmPlugin),Set(Atom(sbt.plugins.JUnitXmlReportPlugin)))
[debug] Clause(Atom(sbt.plugins.CorePlugin),Set(Atom(sbt.plugins.Giter8TemplatePlugin)))
[debug] Clause(Atom(sbt.plugins.JvmPlugin),Set(Atom(sbt.plugins.MiniDependencyTreePlugin))))
[debug]   :: deduced result: Matched(sbt.plugins.CorePlugin,sbt.plugins.Giter8TemplatePlugin,sbt.plugins.IvyPlugin,sbt.plugins.JvmPlugin,sbt.plugins.MiniDependencyTreePlugin,sbt.plugins.JUnitXmlReportPlugin,sbt.plugins.SemanticdbPlugin)
[debug] Plugins.deducer#function took 89.848879 ms
[debug]               Load.resolveProject(beleg2aufgabespotify-build) took 167.861423ms
[debug]             Load.loadTransitive: finalizeProject(Project(id beleg2aufgabespotify-build, base: /Users/toviasnunezborrero/Documents/GitHub/ProgrammierkonzepteDataMining/Beleg2AufgabeSpotify/project, plugins: List(<none>))) took 323.781728ms
[debug] [Loading] Done in /Users/toviasnunezborrero/Documents/GitHub/ProgrammierkonzepteDataMining/Beleg2AufgabeSpotify/project, returning: (beleg2aufgabespotify-build)
[debug]           Load.loadUnit: loadedProjectsRaw took 376.089851ms
[debug]           Load.loadUnit: cleanEvalClasses took 0.4163ms
[debug]         Load.loadUnit(file:/Users/toviasnunezborrero/Documents/GitHub/ProgrammierkonzepteDataMining/Beleg2AufgabeSpotify/project/, ...) took 646.060683ms
[debug]       Load.apply: load took 2457.399479ms
[debug]       Load.apply: resolveProjects took 14.334285ms
[debug]       Load.apply: finalTransforms took 180.145727ms
[debug]       Load.apply: config.delegates took 16.772752ms
[debug]       Load.apply: Def.make(settings)... took 934.658074ms
[debug]       Load.apply: structureIndex took 347.129963ms
[debug]       Load.apply: mkStreams took 2.208979ms
[info] loading project definition from /Users/toviasnunezborrero/Documents/GitHub/ProgrammierkonzepteDataMining/Beleg2AufgabeSpotify/project
[debug] Running task... Cancel: Signal, check cycles: false, forcegc: true
[warn] scala-xml_2.12-2.2.0.jar no longer exists at /Users/toviasnunezborrero/Library/Caches/Coursier/v1/https/repo1.maven.org/maven2/org/scala-lang/modules/scala-xml_2.12/2.2.0/scala-xml_2.12-2.2.0.jar
[debug]     Load.loadUnit: plugins took 11711.238899ms
[debug]     Load.loadUnit: defsScala took 0.005763ms
[debug] [Loading] Scanning directory /Users/toviasnunezborrero/Documents/GitHub/ProgrammierkonzepteDataMining/Beleg2AufgabeSpotify
[debug]       Load.loadUnit: mkEval took 17.138654ms
[debug] [Loading] Found root project root w/ remaining 
[debug] deducing auto plugins based on known facts Set(Atom(sbt.plugins.CorePlugin)) and clauses Clauses(Clause(Atom(sbt.plugins.JvmPlugin),Set(Atom(sbt.plugins.IvyPlugin)))
[debug] Clause(Atom(sbt.ScriptedPlugin),Set(Atom(sbt.plugins.JvmPlugin)))
[debug] Clause(Atom(sbt.plugins.SbtPlugin),Set(Atom(sbt.ScriptedPlugin)))
[debug] Clause(Atom(sbt.plugins.SemanticdbPlugin),Set(Atom(sbt.plugins.JvmPlugin)))
[debug] Clause(Atom(sbt.plugins.JUnitXmlReportPlugin),Set(Atom(sbt.plugins.JvmPlugin)))
[debug] Clause(Atom(sbt.plugins.MiniDependencyTreePlugin),Set(Atom(sbt.plugins.JvmPlugin)))
[debug] Clause(Atom(sbt.plugins.CorePlugin),Set(Atom(sbt.plugins.IvyPlugin)))
[debug] Clause(Atom(sbt.plugins.IvyPlugin),Set(Atom(sbt.plugins.JvmPlugin)))
[debug] Clause(Atom(sbt.plugins.JvmPlugin),Set(Atom(sbt.plugins.SemanticdbPlugin)))
[debug] Clause(Atom(sbt.plugins.JvmPlugin),Set(Atom(sbt.plugins.JUnitXmlReportPlugin)))
[debug] Clause(Atom(sbt.plugins.CorePlugin),Set(Atom(sbt.plugins.Giter8TemplatePlugin)))
[debug] Clause(Atom(sbt.plugins.JvmPlugin),Set(Atom(sbt.plugins.MiniDependencyTreePlugin))))
[debug]   :: deduced result: Matched(sbt.plugins.CorePlugin,sbt.plugins.Giter8TemplatePlugin,sbt.plugins.IvyPlugin,sbt.plugins.JvmPlugin,sbt.plugins.MiniDependencyTreePlugin,sbt.plugins.JUnitXmlReportPlugin,sbt.plugins.SemanticdbPlugin)
[debug] Plugins.deducer#function took 10.713168 ms
[info] loading settings for project root from build.sbt ...
[debug]         Load.resolveProject(root) took 7.308409ms
[debug]       Load.loadTransitive: finalizeProject(Project(id root, base: /Users/toviasnunezborrero/Documents/GitHub/ProgrammierkonzepteDataMining/Beleg2AufgabeSpotify, plugins: List(<none>))) took 20.906067ms
[debug] [Loading] Done in /Users/toviasnunezborrero/Documents/GitHub/ProgrammierkonzepteDataMining/Beleg2AufgabeSpotify, returning: (root)
[debug]     Load.loadUnit: loadedProjectsRaw took 462.81294ms
[debug]     Load.loadUnit: cleanEvalClasses took 9.852873ms
[debug]   Load.loadUnit(file:/Users/toviasnunezborrero/Documents/GitHub/ProgrammierkonzepteDataMining/Beleg2AufgabeSpotify/, ...) took 12191.187051ms
[debug] Load.apply: load took 12254.900295ms
[debug] Load.apply: resolveProjects took 0.297737ms
[debug] Load.apply: finalTransforms took 72.381688ms
[debug] Load.apply: config.delegates took 0.841851ms
[debug] Load.apply: Def.make(settings)... took 214.594459ms
[debug] Load.apply: structureIndex took 172.140207ms
[debug] Load.apply: mkStreams took 0.006602ms
[info] set current project to Beleg2AufgabeSpotify (in build file:/Users/toviasnunezborrero/Documents/GitHub/ProgrammierkonzepteDataMining/Beleg2AufgabeSpotify/)
[debug] > Exec(sbtPopOnFailure, None, None)
[debug] > Exec(resumeFromFailure, None, None)
[debug] > Exec(notifyUsersAboutShell, None, None)
[debug] > Exec(iflast shell, None, None)
[debug] > Exec(shell, None, None)
[info] sbt server started at local:///Users/toviasnunezborrero/.sbt/1.0/server/b3f5097ecdb00108f30d/sock
[debug] Writing bsp connection file
[info] started sbt server
