2024.10.11 07:17:42 INFO  Started: Metals version 1.3.5 in folders '/Users/toviasnunezborrero/Documents/GitHub/ProgrammierkonzepteDataMining/Rational' for client Visual Studio Code 1.92.1.
SLF4J(W): Class path contains multiple SLF4J providers.
SLF4J(W): Found provider [scribe.slf4j.ScribeServiceProvider@3e592616]
SLF4J(W): Found provider [ch.qos.logback.classic.spi.LogbackServiceProvider@2d7c7209]
SLF4J(W): See https://www.slf4j.org/codes.html#multiple_bindings for an explanation.
SLF4J(I): Actual provider is of type [scribe.slf4j.ScribeServiceProvider@3e592616]
2024.10.11 07:17:42 WARN  Flyway upgrade recommended: H2 2.3.230 is newer than this version of Flyway and support has not been tested. The latest supported version of H2 is 2.2.220.
Okt. 11, 2024 7:17:43 AM org.eclipse.lsp4j.jsonrpc.services.GenericEndpoint notify
INFORMATION: Unsupported notification method: $/setTrace
Okt. 11, 2024 7:17:59 AM org.eclipse.lsp4j.jsonrpc.services.GenericEndpoint notify
INFORMATION: Unsupported notification method: $/setTrace
2024.10.11 07:18:27 INFO  no build target found for /Users/toviasnunezborrero/Documents/GitHub/ProgrammierkonzepteDataMining/Rational/src/main/scala/Rational.scala. Using presentation compiler with project's scala-library version: 3.3.3
2024.10.11 07:18:59 INFO  no build target found for /Users/toviasnunezborrero/Documents/GitHub/ProgrammierkonzepteDataMining/Rational/src/main/scala/Rational.scala. Using presentation compiler with project's scala-library version: 3.3.3
2024.10.11 07:19:01 INFO  no build target found for /Users/toviasnunezborrero/Documents/GitHub/ProgrammierkonzepteDataMining/Rational/src/main/scala/Rational.scala. Using presentation compiler with project's scala-library version: 3.3.3
2024.10.11 07:19:03 INFO  no build target found for /Users/toviasnunezborrero/Documents/GitHub/ProgrammierkonzepteDataMining/Rational/src/main/scala/Rational.scala. Using presentation compiler with project's scala-library version: 3.3.3
2024.10.11 07:19:08 INFO  no build target found for /Users/toviasnunezborrero/Documents/GitHub/ProgrammierkonzepteDataMining/Rational/src/main/scala/Rational.scala. Using presentation compiler with project's scala-library version: 3.3.3
2024.10.11 07:19:14 INFO  no build target found for /Users/toviasnunezborrero/Documents/GitHub/ProgrammierkonzepteDataMining/Rational/src/main/scala/Rational.scala. Using presentation compiler with project's scala-library version: 3.3.3
2024.10.11 07:19:14 INFO  no build target found for /Users/toviasnunezborrero/Documents/GitHub/ProgrammierkonzepteDataMining/Rational/src/main/scala/Rational.scala. Using presentation compiler with project's scala-library version: 3.3.3
2024.10.11 07:19:14 INFO  no build target found for /Users/toviasnunezborrero/Documents/GitHub/ProgrammierkonzepteDataMining/Rational/src/main/scala/Rational.scala. Using presentation compiler with project's scala-library version: 3.3.3
2024.10.11 07:19:14 INFO  no build target found for /Users/toviasnunezborrero/Documents/GitHub/ProgrammierkonzepteDataMining/Rational/src/main/scala/Rational.scala. Using presentation compiler with project's scala-library version: 3.3.3
2024.10.11 07:19:15 INFO  no build target found for /Users/toviasnunezborrero/Documents/GitHub/ProgrammierkonzepteDataMining/Rational/src/main/scala/Rational.scala. Using presentation compiler with project's scala-library version: 3.3.3
2024.10.11 07:19:15 INFO  no build target found for /Users/toviasnunezborrero/Documents/GitHub/ProgrammierkonzepteDataMining/Rational/src/main/scala/Rational.scala. Using presentation compiler with project's scala-library version: 3.3.3
2024.10.11 07:19:16 INFO  no build target found for /Users/toviasnunezborrero/Documents/GitHub/ProgrammierkonzepteDataMining/Rational/src/main/scala/Rational.scala. Using presentation compiler with project's scala-library version: 3.3.3
2024.10.11 07:19:16 INFO  no build target found for /Users/toviasnunezborrero/Documents/GitHub/ProgrammierkonzepteDataMining/Rational/src/main/scala/Rational.scala. Using presentation compiler with project's scala-library version: 3.3.3
2024.10.11 07:19:21 INFO  no build target found for /Users/toviasnunezborrero/Documents/GitHub/ProgrammierkonzepteDataMining/Rational/src/main/scala/Rational.scala. Using presentation compiler with project's scala-library version: 3.3.3
2024.10.11 07:19:24 INFO  no build target found for /Users/toviasnunezborrero/Documents/GitHub/ProgrammierkonzepteDataMining/Rational/src/main/scala/Rational.scala. Using presentation compiler with project's scala-library version: 3.3.3
2024.10.11 07:19:24 INFO  no build target found for /Users/toviasnunezborrero/Documents/GitHub/ProgrammierkonzepteDataMining/Rational/src/main/scala/Rational.scala. Using presentation compiler with project's scala-library version: 3.3.3
2024.10.11 07:19:24 INFO  no build target found for /Users/toviasnunezborrero/Documents/GitHub/ProgrammierkonzepteDataMining/Rational/src/main/scala/Rational.scala. Using presentation compiler with project's scala-library version: 3.3.3
2024.10.11 07:19:26 INFO  no build target found for /Users/toviasnunezborrero/Documents/GitHub/ProgrammierkonzepteDataMining/Rational/src/main/scala/Rational.scala. Using presentation compiler with project's scala-library version: 3.3.3
2024.10.11 07:19:26 INFO  no build target found for /Users/toviasnunezborrero/Documents/GitHub/ProgrammierkonzepteDataMining/Rational/src/main/scala/Rational.scala. Using presentation compiler with project's scala-library version: 3.3.3
2024.10.11 07:19:26 INFO  no build target found for /Users/toviasnunezborrero/Documents/GitHub/ProgrammierkonzepteDataMining/Rational/src/main/scala/Rational.scala. Using presentation compiler with project's scala-library version: 3.3.3
2024.10.11 07:19:26 INFO  no build target found for /Users/toviasnunezborrero/Documents/GitHub/ProgrammierkonzepteDataMining/Rational/src/main/scala/Rational.scala. Using presentation compiler with project's scala-library version: 3.3.3
2024.10.11 07:19:26 INFO  no build target found for /Users/toviasnunezborrero/Documents/GitHub/ProgrammierkonzepteDataMining/Rational/src/main/scala/Rational.scala. Using presentation compiler with project's scala-library version: 3.3.3
2024.10.11 07:19:26 INFO  no build target found for /Users/toviasnunezborrero/Documents/GitHub/ProgrammierkonzepteDataMining/Rational/src/main/scala/Rational.scala. Using presentation compiler with project's scala-library version: 3.3.3
2024.10.11 07:19:26 INFO  no build target found for /Users/toviasnunezborrero/Documents/GitHub/ProgrammierkonzepteDataMining/Rational/src/main/scala/Rational.scala. Using presentation compiler with project's scala-library version: 3.3.3
2024.10.11 07:19:27 INFO  no build target found for /Users/toviasnunezborrero/Documents/GitHub/ProgrammierkonzepteDataMining/Rational/src/main/scala/Rational.scala. Using presentation compiler with project's scala-library version: 3.3.3
2024.10.11 07:19:29 INFO  no build target found for /Users/toviasnunezborrero/Documents/GitHub/ProgrammierkonzepteDataMining/Rational/src/main/scala/Rational.scala. Using presentation compiler with project's scala-library version: 3.3.3
2024.10.11 07:19:29 INFO  no build target found for /Users/toviasnunezborrero/Documents/GitHub/ProgrammierkonzepteDataMining/Rational/src/main/scala/Rational.scala. Using presentation compiler with project's scala-library version: 3.3.3
2024.10.11 07:19:30 INFO  no build target found for /Users/toviasnunezborrero/Documents/GitHub/ProgrammierkonzepteDataMining/Rational/src/main/scala/Rational.scala. Using presentation compiler with project's scala-library version: 3.3.3
2024.10.11 07:19:35 INFO  no build target found for /Users/toviasnunezborrero/Documents/GitHub/ProgrammierkonzepteDataMining/Rational/src/main/scala/Rational.scala. Using presentation compiler with project's scala-library version: 3.3.3
2024.10.11 07:19:35 INFO  no build target found for /Users/toviasnunezborrero/Documents/GitHub/ProgrammierkonzepteDataMining/Rational/src/main/scala/Rational.scala. Using presentation compiler with project's scala-library version: 3.3.3
2024.10.11 07:19:35 INFO  no build target found for /Users/toviasnunezborrero/Documents/GitHub/ProgrammierkonzepteDataMining/Rational/src/main/scala/Rational.scala. Using presentation compiler with project's scala-library version: 3.3.3
2024.10.11 07:19:35 INFO  no build target found for /Users/toviasnunezborrero/Documents/GitHub/ProgrammierkonzepteDataMining/Rational/src/main/scala/Rational.scala. Using presentation compiler with project's scala-library version: 3.3.3
2024.10.11 07:19:35 INFO  no build target found for /Users/toviasnunezborrero/Documents/GitHub/ProgrammierkonzepteDataMining/Rational/src/main/scala/Rational.scala. Using presentation compiler with project's scala-library version: 3.3.3
2024.10.11 07:19:35 INFO  no build target found for /Users/toviasnunezborrero/Documents/GitHub/ProgrammierkonzepteDataMining/Rational/src/main/scala/Rational.scala. Using presentation compiler with project's scala-library version: 3.3.3
2024.10.11 07:19:36 INFO  no build target found for /Users/toviasnunezborrero/Documents/GitHub/ProgrammierkonzepteDataMining/Rational/src/main/scala/Rational.scala. Using presentation compiler with project's scala-library version: 3.3.3
2024.10.11 07:19:36 INFO  no build target found for /Users/toviasnunezborrero/Documents/GitHub/ProgrammierkonzepteDataMining/Rational/src/main/scala/Rational.scala. Using presentation compiler with project's scala-library version: 3.3.3
2024.10.11 07:19:36 INFO  no build target found for /Users/toviasnunezborrero/Documents/GitHub/ProgrammierkonzepteDataMining/Rational/src/main/scala/Rational.scala. Using presentation compiler with project's scala-library version: 3.3.3
2024.10.11 07:19:37 INFO  no build target found for /Users/toviasnunezborrero/Documents/GitHub/ProgrammierkonzepteDataMining/Rational/src/main/scala/Rational.scala. Using presentation compiler with project's scala-library version: 3.3.3
2024.10.11 07:19:37 INFO  no build target found for /Users/toviasnunezborrero/Documents/GitHub/ProgrammierkonzepteDataMining/Rational/src/main/scala/Rational.scala. Using presentation compiler with project's scala-library version: 3.3.3
2024.10.11 07:19:38 INFO  no build target found for /Users/toviasnunezborrero/Documents/GitHub/ProgrammierkonzepteDataMining/Rational/src/main/scala/Rational.scala. Using presentation compiler with project's scala-library version: 3.3.3
2024.10.11 07:19:38 INFO  no build target found for /Users/toviasnunezborrero/Documents/GitHub/ProgrammierkonzepteDataMining/Rational/src/main/scala/Rational.scala. Using presentation compiler with project's scala-library version: 3.3.3
2024.10.11 07:19:39 INFO  no build target found for /Users/toviasnunezborrero/Documents/GitHub/ProgrammierkonzepteDataMining/Rational/src/main/scala/Rational.scala. Using presentation compiler with project's scala-library version: 3.3.3
2024.10.11 07:19:40 INFO  no build target found for /Users/toviasnunezborrero/Documents/GitHub/ProgrammierkonzepteDataMining/Rational/src/main/scala/Rational.scala. Using presentation compiler with project's scala-library version: 3.3.3
2024.10.11 07:19:40 INFO  no build target found for /Users/toviasnunezborrero/Documents/GitHub/ProgrammierkonzepteDataMining/Rational/src/main/scala/Rational.scala. Using presentation compiler with project's scala-library version: 3.3.3
2024.10.11 07:19:40 INFO  no build target found for /Users/toviasnunezborrero/Documents/GitHub/ProgrammierkonzepteDataMining/Rational/src/main/scala/Rational.scala. Using presentation compiler with project's scala-library version: 3.3.3
2024.10.11 07:19:40 INFO  no build target found for /Users/toviasnunezborrero/Documents/GitHub/ProgrammierkonzepteDataMining/Rational/src/main/scala/Rational.scala. Using presentation compiler with project's scala-library version: 3.3.3
2024.10.11 07:19:41 INFO  no build target found for /Users/toviasnunezborrero/Documents/GitHub/ProgrammierkonzepteDataMining/Rational/src/main/scala/Rational.scala. Using presentation compiler with project's scala-library version: 3.3.3
2024.10.11 07:19:41 INFO  no build target found for /Users/toviasnunezborrero/Documents/GitHub/ProgrammierkonzepteDataMining/Rational/src/main/scala/Rational.scala. Using presentation compiler with project's scala-library version: 3.3.3
2024.10.11 07:19:41 INFO  no build target found for /Users/toviasnunezborrero/Documents/GitHub/ProgrammierkonzepteDataMining/Rational/src/main/scala/Rational.scala. Using presentation compiler with project's scala-library version: 3.3.3
2024.10.11 07:19:41 INFO  no build target found for /Users/toviasnunezborrero/Documents/GitHub/ProgrammierkonzepteDataMining/Rational/src/main/scala/Rational.scala. Using presentation compiler with project's scala-library version: 3.3.3
2024.10.11 07:19:41 INFO  no build target found for /Users/toviasnunezborrero/Documents/GitHub/ProgrammierkonzepteDataMining/Rational/src/main/scala/Rational.scala. Using presentation compiler with project's scala-library version: 3.3.3
2024.10.11 07:19:41 INFO  no build target found for /Users/toviasnunezborrero/Documents/GitHub/ProgrammierkonzepteDataMining/Rational/src/main/scala/Rational.scala. Using presentation compiler with project's scala-library version: 3.3.3
2024.10.11 07:19:41 INFO  no build target found for /Users/toviasnunezborrero/Documents/GitHub/ProgrammierkonzepteDataMining/Rational/src/main/scala/Rational.scala. Using presentation compiler with project's scala-library version: 3.3.3
2024.10.11 07:19:44 INFO  no build target found for /Users/toviasnunezborrero/Documents/GitHub/ProgrammierkonzepteDataMining/Rational/src/main/scala/Rational.scala. Using presentation compiler with project's scala-library version: 3.3.3
2024.10.11 07:19:44 INFO  no build target found for /Users/toviasnunezborrero/Documents/GitHub/ProgrammierkonzepteDataMining/Rational/src/main/scala/Rational.scala. Using presentation compiler with project's scala-library version: 3.3.3
2024.10.11 07:19:45 INFO  no build target found for /Users/toviasnunezborrero/Documents/GitHub/ProgrammierkonzepteDataMining/Rational/src/main/scala/Rational.scala. Using presentation compiler with project's scala-library version: 3.3.3
2024.10.11 07:19:45 INFO  no build target found for /Users/toviasnunezborrero/Documents/GitHub/ProgrammierkonzepteDataMining/Rational/src/main/scala/Rational.scala. Using presentation compiler with project's scala-library version: 3.3.3
2024.10.11 07:19:54 INFO  no build target found for /Users/toviasnunezborrero/Documents/GitHub/ProgrammierkonzepteDataMining/Rational/src/main/scala/Rational.scala. Using presentation compiler with project's scala-library version: 3.3.3
2024.10.11 07:19:54 INFO  no build target found for /Users/toviasnunezborrero/Documents/GitHub/ProgrammierkonzepteDataMining/Rational/src/main/scala/Rational.scala. Using presentation compiler with project's scala-library version: 3.3.3
2024.10.11 07:19:55 INFO  no build target found for /Users/toviasnunezborrero/Documents/GitHub/ProgrammierkonzepteDataMining/Rational/src/main/scala/Rational.scala. Using presentation compiler with project's scala-library version: 3.3.3
2024.10.11 07:19:55 INFO  no build target found for /Users/toviasnunezborrero/Documents/GitHub/ProgrammierkonzepteDataMining/Rational/src/main/scala/Rational.scala. Using presentation compiler with project's scala-library version: 3.3.3
2024.10.11 07:19:55 INFO  no build target found for /Users/toviasnunezborrero/Documents/GitHub/ProgrammierkonzepteDataMining/Rational/src/main/scala/Rational.scala. Using presentation compiler with project's scala-library version: 3.3.3
2024.10.11 07:19:57 INFO  no build target found for /Users/toviasnunezborrero/Documents/GitHub/ProgrammierkonzepteDataMining/Rational/src/main/scala/Rational.scala. Using presentation compiler with project's scala-library version: 3.3.3
2024.10.11 07:19:57 INFO  no build target found for /Users/toviasnunezborrero/Documents/GitHub/ProgrammierkonzepteDataMining/Rational/src/main/scala/Rational.scala. Using presentation compiler with project's scala-library version: 3.3.3
2024.10.11 07:19:58 INFO  no build target found for /Users/toviasnunezborrero/Documents/GitHub/ProgrammierkonzepteDataMining/Rational/src/main/scala/Rational.scala. Using presentation compiler with project's scala-library version: 3.3.3
2024.10.11 07:19:58 INFO  no build target found for /Users/toviasnunezborrero/Documents/GitHub/ProgrammierkonzepteDataMining/Rational/src/main/scala/Rational.scala. Using presentation compiler with project's scala-library version: 3.3.3
2024.10.11 07:19:58 INFO  no build target found for /Users/toviasnunezborrero/Documents/GitHub/ProgrammierkonzepteDataMining/Rational/src/main/scala/Rational.scala. Using presentation compiler with project's scala-library version: 3.3.3
2024.10.11 07:20:01 INFO  no build target found for /Users/toviasnunezborrero/Documents/GitHub/ProgrammierkonzepteDataMining/Rational/src/main/scala/Rational.scala. Using presentation compiler with project's scala-library version: 3.3.3
2024.10.11 07:20:01 INFO  no build target found for /Users/toviasnunezborrero/Documents/GitHub/ProgrammierkonzepteDataMining/Rational/src/main/scala/Rational.scala. Using presentation compiler with project's scala-library version: 3.3.3
2024.10.11 07:20:01 INFO  no build target found for /Users/toviasnunezborrero/Documents/GitHub/ProgrammierkonzepteDataMining/Rational/src/main/scala/Rational.scala. Using presentation compiler with project's scala-library version: 3.3.3
2024.10.11 07:20:03 INFO  no build target found for /Users/toviasnunezborrero/Documents/GitHub/ProgrammierkonzepteDataMining/Rational/src/main/scala/Rational.scala. Using presentation compiler with project's scala-library version: 3.3.3
2024.10.11 07:20:03 INFO  no build target found for /Users/toviasnunezborrero/Documents/GitHub/ProgrammierkonzepteDataMining/Rational/src/main/scala/Rational.scala. Using presentation compiler with project's scala-library version: 3.3.3
2024.10.11 07:20:03 INFO  no build target found for /Users/toviasnunezborrero/Documents/GitHub/ProgrammierkonzepteDataMining/Rational/src/main/scala/Rational.scala. Using presentation compiler with project's scala-library version: 3.3.3
2024.10.11 07:20:03 INFO  no build target found for /Users/toviasnunezborrero/Documents/GitHub/ProgrammierkonzepteDataMining/Rational/src/main/scala/Rational.scala. Using presentation compiler with project's scala-library version: 3.3.3
2024.10.11 07:20:03 INFO  no build target found for /Users/toviasnunezborrero/Documents/GitHub/ProgrammierkonzepteDataMining/Rational/src/main/scala/Rational.scala. Using presentation compiler with project's scala-library version: 3.3.3
2024.10.11 07:20:04 INFO  no build target found for /Users/toviasnunezborrero/Documents/GitHub/ProgrammierkonzepteDataMining/Rational/src/main/scala/Rational.scala. Using presentation compiler with project's scala-library version: 3.3.3
2024.10.11 07:20:04 INFO  no build target found for /Users/toviasnunezborrero/Documents/GitHub/ProgrammierkonzepteDataMining/Rational/src/main/scala/Rational.scala. Using presentation compiler with project's scala-library version: 3.3.3
2024.10.11 07:20:04 INFO  no build target found for /Users/toviasnunezborrero/Documents/GitHub/ProgrammierkonzepteDataMining/Rational/src/main/scala/Rational.scala. Using presentation compiler with project's scala-library version: 3.3.3
2024.10.11 07:20:07 INFO  no build target found for /Users/toviasnunezborrero/Documents/GitHub/ProgrammierkonzepteDataMining/Rational/src/main/scala/Rational.scala. Using presentation compiler with project's scala-library version: 3.3.3
2024.10.11 07:20:07 INFO  no build target found for /Users/toviasnunezborrero/Documents/GitHub/ProgrammierkonzepteDataMining/Rational/src/main/scala/Rational.scala. Using presentation compiler with project's scala-library version: 3.3.3
2024.10.11 07:20:12 INFO  no build target found for /Users/toviasnunezborrero/Documents/GitHub/ProgrammierkonzepteDataMining/Rational/src/main/scala/Rational.scala. Using presentation compiler with project's scala-library version: 3.3.3
2024.10.11 07:20:12 INFO  no build target found for /Users/toviasnunezborrero/Documents/GitHub/ProgrammierkonzepteDataMining/Rational/src/main/scala/Rational.scala. Using presentation compiler with project's scala-library version: 3.3.3
2024.10.11 07:20:12 INFO  no build target found for /Users/toviasnunezborrero/Documents/GitHub/ProgrammierkonzepteDataMining/Rational/src/main/scala/Rational.scala. Using presentation compiler with project's scala-library version: 3.3.3
2024.10.11 07:20:12 INFO  no build target found for /Users/toviasnunezborrero/Documents/GitHub/ProgrammierkonzepteDataMining/Rational/src/main/scala/Rational.scala. Using presentation compiler with project's scala-library version: 3.3.3
2024.10.11 07:20:12 INFO  no build target found for /Users/toviasnunezborrero/Documents/GitHub/ProgrammierkonzepteDataMining/Rational/src/main/scala/Rational.scala. Using presentation compiler with project's scala-library version: 3.3.3
2024.10.11 07:20:12 INFO  no build target found for /Users/toviasnunezborrero/Documents/GitHub/ProgrammierkonzepteDataMining/Rational/src/main/scala/Rational.scala. Using presentation compiler with project's scala-library version: 3.3.3
2024.10.11 07:20:12 INFO  no build target found for /Users/toviasnunezborrero/Documents/GitHub/ProgrammierkonzepteDataMining/Rational/src/main/scala/Rational.scala. Using presentation compiler with project's scala-library version: 3.3.3
2024.10.11 07:20:14 INFO  no build target found for /Users/toviasnunezborrero/Documents/GitHub/ProgrammierkonzepteDataMining/Rational/src/main/scala/Rational.scala. Using presentation compiler with project's scala-library version: 3.3.3
2024.10.11 07:20:16 INFO  no build target found for /Users/toviasnunezborrero/Documents/GitHub/ProgrammierkonzepteDataMining/Rational/src/main/scala/Rational.scala. Using presentation compiler with project's scala-library version: 3.3.3
2024.10.11 07:20:16 INFO  no build target found for /Users/toviasnunezborrero/Documents/GitHub/ProgrammierkonzepteDataMining/Rational/src/main/scala/Rational.scala. Using presentation compiler with project's scala-library version: 3.3.3
2024.10.11 07:20:16 INFO  no build target found for /Users/toviasnunezborrero/Documents/GitHub/ProgrammierkonzepteDataMining/Rational/src/main/scala/Rational.scala. Using presentation compiler with project's scala-library version: 3.3.3
2024.10.11 07:20:16 INFO  no build target found for /Users/toviasnunezborrero/Documents/GitHub/ProgrammierkonzepteDataMining/Rational/src/main/scala/Rational.scala. Using presentation compiler with project's scala-library version: 3.3.3
2024.10.11 07:20:16 INFO  no build target found for /Users/toviasnunezborrero/Documents/GitHub/ProgrammierkonzepteDataMining/Rational/src/main/scala/Rational.scala. Using presentation compiler with project's scala-library version: 3.3.3
2024.10.11 07:20:16 INFO  no build target found for /Users/toviasnunezborrero/Documents/GitHub/ProgrammierkonzepteDataMining/Rational/src/main/scala/Rational.scala. Using presentation compiler with project's scala-library version: 3.3.3
2024.10.11 07:20:18 INFO  no build target found for /Users/toviasnunezborrero/Documents/GitHub/ProgrammierkonzepteDataMining/Rational/src/main/scala/Rational.scala. Using presentation compiler with project's scala-library version: 3.3.3
2024.10.11 07:20:18 INFO  no build target found for /Users/toviasnunezborrero/Documents/GitHub/ProgrammierkonzepteDataMining/Rational/src/main/scala/Rational.scala. Using presentation compiler with project's scala-library version: 3.3.3
2024.10.11 07:20:18 INFO  no build target found for /Users/toviasnunezborrero/Documents/GitHub/ProgrammierkonzepteDataMining/Rational/src/main/scala/Rational.scala. Using presentation compiler with project's scala-library version: 3.3.3
2024.10.11 07:20:19 INFO  no build target found for /Users/toviasnunezborrero/Documents/GitHub/ProgrammierkonzepteDataMining/Rational/src/main/scala/Rational.scala. Using presentation compiler with project's scala-library version: 3.3.3
2024.10.11 07:20:19 INFO  no build target found for /Users/toviasnunezborrero/Documents/GitHub/ProgrammierkonzepteDataMining/Rational/src/main/scala/Rational.scala. Using presentation compiler with project's scala-library version: 3.3.3
2024.10.11 07:20:19 INFO  no build target found for /Users/toviasnunezborrero/Documents/GitHub/ProgrammierkonzepteDataMining/Rational/src/main/scala/Rational.scala. Using presentation compiler with project's scala-library version: 3.3.3
2024.10.11 07:20:19 INFO  no build target found for /Users/toviasnunezborrero/Documents/GitHub/ProgrammierkonzepteDataMining/Rational/src/main/scala/Rational.scala. Using presentation compiler with project's scala-library version: 3.3.3
2024.10.11 07:20:19 INFO  no build target found for /Users/toviasnunezborrero/Documents/GitHub/ProgrammierkonzepteDataMining/Rational/src/main/scala/Rational.scala. Using presentation compiler with project's scala-library version: 3.3.3
2024.10.11 07:20:19 INFO  no build target found for /Users/toviasnunezborrero/Documents/GitHub/ProgrammierkonzepteDataMining/Rational/src/main/scala/Rational.scala. Using presentation compiler with project's scala-library version: 3.3.3
2024.10.11 07:20:19 INFO  no build target found for /Users/toviasnunezborrero/Documents/GitHub/ProgrammierkonzepteDataMining/Rational/src/main/scala/Rational.scala. Using presentation compiler with project's scala-library version: 3.3.3
2024.10.11 07:20:21 INFO  no build target found for /Users/toviasnunezborrero/Documents/GitHub/ProgrammierkonzepteDataMining/Rational/src/main/scala/Rational.scala. Using presentation compiler with project's scala-library version: 3.3.3
2024.10.11 07:20:22 INFO  no build target found for /Users/toviasnunezborrero/Documents/GitHub/ProgrammierkonzepteDataMining/Rational/src/main/scala/Rational.scala. Using presentation compiler with project's scala-library version: 3.3.3
2024.10.11 07:20:22 INFO  no build target found for /Users/toviasnunezborrero/Documents/GitHub/ProgrammierkonzepteDataMining/Rational/src/main/scala/Rational.scala. Using presentation compiler with project's scala-library version: 3.3.3
2024.10.11 07:20:22 INFO  no build target found for /Users/toviasnunezborrero/Documents/GitHub/ProgrammierkonzepteDataMining/Rational/src/main/scala/Rational.scala. Using presentation compiler with project's scala-library version: 3.3.3
2024.10.11 07:20:22 INFO  no build target found for /Users/toviasnunezborrero/Documents/GitHub/ProgrammierkonzepteDataMining/Rational/src/main/scala/Rational.scala. Using presentation compiler with project's scala-library version: 3.3.3
2024.10.11 07:20:22 INFO  no build target found for /Users/toviasnunezborrero/Documents/GitHub/ProgrammierkonzepteDataMining/Rational/src/main/scala/Rational.scala. Using presentation compiler with project's scala-library version: 3.3.3
2024.10.11 07:20:22 INFO  no build target found for /Users/toviasnunezborrero/Documents/GitHub/ProgrammierkonzepteDataMining/Rational/src/main/scala/Rational.scala. Using presentation compiler with project's scala-library version: 3.3.3
2024.10.11 07:20:22 INFO  no build target found for /Users/toviasnunezborrero/Documents/GitHub/ProgrammierkonzepteDataMining/Rational/src/main/scala/Rational.scala. Using presentation compiler with project's scala-library version: 3.3.3
2024.10.11 07:20:25 INFO  no build target found for /Users/toviasnunezborrero/Documents/GitHub/ProgrammierkonzepteDataMining/Rational/src/main/scala/Rational.scala. Using presentation compiler with project's scala-library version: 3.3.3
2024.10.11 07:20:27 INFO  no build target found for /Users/toviasnunezborrero/Documents/GitHub/ProgrammierkonzepteDataMining/Rational/src/main/scala/Rational.scala. Using presentation compiler with project's scala-library version: 3.3.3
2024.10.11 07:20:27 INFO  no build target found for /Users/toviasnunezborrero/Documents/GitHub/ProgrammierkonzepteDataMining/Rational/src/main/scala/Rational.scala. Using presentation compiler with project's scala-library version: 3.3.3
2024.10.11 07:20:27 INFO  no build target found for /Users/toviasnunezborrero/Documents/GitHub/ProgrammierkonzepteDataMining/Rational/src/main/scala/Rational.scala. Using presentation compiler with project's scala-library version: 3.3.3
2024.10.11 07:20:27 INFO  no build target found for /Users/toviasnunezborrero/Documents/GitHub/ProgrammierkonzepteDataMining/Rational/src/main/scala/Rational.scala. Using presentation compiler with project's scala-library version: 3.3.3
2024.10.11 07:20:27 INFO  no build target found for /Users/toviasnunezborrero/Documents/GitHub/ProgrammierkonzepteDataMining/Rational/src/main/scala/Rational.scala. Using presentation compiler with project's scala-library version: 3.3.3
2024.10.11 07:20:27 INFO  no build target found for /Users/toviasnunezborrero/Documents/GitHub/ProgrammierkonzepteDataMining/Rational/src/main/scala/Rational.scala. Using presentation compiler with project's scala-library version: 3.3.3
2024.10.11 07:20:27 INFO  no build target found for /Users/toviasnunezborrero/Documents/GitHub/ProgrammierkonzepteDataMining/Rational/src/main/scala/Rational.scala. Using presentation compiler with project's scala-library version: 3.3.3
2024.10.11 07:20:28 INFO  no build target found for /Users/toviasnunezborrero/Documents/GitHub/ProgrammierkonzepteDataMining/Rational/src/main/scala/Rational.scala. Using presentation compiler with project's scala-library version: 3.3.3
2024.10.11 07:20:28 INFO  no build target found for /Users/toviasnunezborrero/Documents/GitHub/ProgrammierkonzepteDataMining/Rational/src/main/scala/Rational.scala. Using presentation compiler with project's scala-library version: 3.3.3
2024.10.11 07:20:28 INFO  no build target found for /Users/toviasnunezborrero/Documents/GitHub/ProgrammierkonzepteDataMining/Rational/src/main/scala/Rational.scala. Using presentation compiler with project's scala-library version: 3.3.3
2024.10.11 07:20:28 INFO  no build target found for /Users/toviasnunezborrero/Documents/GitHub/ProgrammierkonzepteDataMining/Rational/src/main/scala/Rational.scala. Using presentation compiler with project's scala-library version: 3.3.3
2024.10.11 07:20:28 INFO  no build target found for /Users/toviasnunezborrero/Documents/GitHub/ProgrammierkonzepteDataMining/Rational/src/main/scala/Rational.scala. Using presentation compiler with project's scala-library version: 3.3.3
2024.10.11 07:20:28 INFO  no build target found for /Users/toviasnunezborrero/Documents/GitHub/ProgrammierkonzepteDataMining/Rational/src/main/scala/Rational.scala. Using presentation compiler with project's scala-library version: 3.3.3
2024.10.11 07:20:28 INFO  no build target found for /Users/toviasnunezborrero/Documents/GitHub/ProgrammierkonzepteDataMining/Rational/src/main/scala/Rational.scala. Using presentation compiler with project's scala-library version: 3.3.3
2024.10.11 07:20:28 INFO  no build target found for /Users/toviasnunezborrero/Documents/GitHub/ProgrammierkonzepteDataMining/Rational/src/main/scala/Rational.scala. Using presentation compiler with project's scala-library version: 3.3.3
2024.10.11 07:20:31 INFO  no build target found for /Users/toviasnunezborrero/Documents/GitHub/ProgrammierkonzepteDataMining/Rational/src/main/scala/Rational.scala. Using presentation compiler with project's scala-library version: 3.3.3
2024.10.11 07:20:31 INFO  no build target found for /Users/toviasnunezborrero/Documents/GitHub/ProgrammierkonzepteDataMining/Rational/src/main/scala/Rational.scala. Using presentation compiler with project's scala-library version: 3.3.3
2024.10.11 07:20:31 INFO  no build target found for /Users/toviasnunezborrero/Documents/GitHub/ProgrammierkonzepteDataMining/Rational/src/main/scala/Rational.scala. Using presentation compiler with project's scala-library version: 3.3.3
2024.10.11 07:20:31 INFO  no build target found for /Users/toviasnunezborrero/Documents/GitHub/ProgrammierkonzepteDataMining/Rational/src/main/scala/Rational.scala. Using presentation compiler with project's scala-library version: 3.3.3
2024.10.11 07:20:31 INFO  no build target found for /Users/toviasnunezborrero/Documents/GitHub/ProgrammierkonzepteDataMining/Rational/src/main/scala/Rational.scala. Using presentation compiler with project's scala-library version: 3.3.3
2024.10.11 07:20:31 INFO  no build target found for /Users/toviasnunezborrero/Documents/GitHub/ProgrammierkonzepteDataMining/Rational/src/main/scala/Rational.scala. Using presentation compiler with project's scala-library version: 3.3.3
2024.10.11 07:20:31 INFO  no build target found for /Users/toviasnunezborrero/Documents/GitHub/ProgrammierkonzepteDataMining/Rational/src/main/scala/Rational.scala. Using presentation compiler with project's scala-library version: 3.3.3
2024.10.11 07:20:38 INFO  no build target found for /Users/toviasnunezborrero/Documents/GitHub/ProgrammierkonzepteDataMining/Rational/src/main/scala/Rational.scala. Using presentation compiler with project's scala-library version: 3.3.3
2024.10.11 07:20:39 WARN  no build target for: /Users/toviasnunezborrero/Documents/GitHub/ProgrammierkonzepteDataMining/Rational/src/main/scala/Rational.scala
2024.10.11 07:20:39 INFO  no build target found for /Users/toviasnunezborrero/Documents/GitHub/ProgrammierkonzepteDataMining/Rational/src/main/scala/Rational.scala. Using presentation compiler with project's scala-library version: 3.3.3
2024.10.11 07:21:14 INFO  no build target found for /Users/toviasnunezborrero/Documents/GitHub/ProgrammierkonzepteDataMining/Rational/src/main/scala/Rational.scala. Using presentation compiler with project's scala-library version: 3.3.3
2024.10.11 07:21:16 INFO  no build target found for /Users/toviasnunezborrero/Documents/GitHub/ProgrammierkonzepteDataMining/Rational/src/main/scala/Rational.scala. Using presentation compiler with project's scala-library version: 3.3.3
2024.10.11 07:21:18 INFO  no build target found for /Users/toviasnunezborrero/Documents/GitHub/ProgrammierkonzepteDataMining/Rational/src/main/scala/Rational.scala. Using presentation compiler with project's scala-library version: 3.3.3
2024.10.11 07:21:22 INFO  no build target found for /Users/toviasnunezborrero/Documents/GitHub/ProgrammierkonzepteDataMining/Rational/src/main/scala/Rational.scala. Using presentation compiler with project's scala-library version: 3.3.3
2024.10.11 07:21:22 INFO  no build target found for /Users/toviasnunezborrero/Documents/GitHub/ProgrammierkonzepteDataMining/Rational/src/main/scala/Rational.scala. Using presentation compiler with project's scala-library version: 3.3.3
2024.10.11 07:21:22 INFO  no build target found for /Users/toviasnunezborrero/Documents/GitHub/ProgrammierkonzepteDataMining/Rational/src/main/scala/Rational.scala. Using presentation compiler with project's scala-library version: 3.3.3
2024.10.11 07:21:22 INFO  no build target found for /Users/toviasnunezborrero/Documents/GitHub/ProgrammierkonzepteDataMining/Rational/src/main/scala/Rational.scala. Using presentation compiler with project's scala-library version: 3.3.3
2024.10.11 07:21:22 INFO  no build target found for /Users/toviasnunezborrero/Documents/GitHub/ProgrammierkonzepteDataMining/Rational/src/main/scala/Rational.scala. Using presentation compiler with project's scala-library version: 3.3.3
2024.10.11 07:21:22 INFO  no build target found for /Users/toviasnunezborrero/Documents/GitHub/ProgrammierkonzepteDataMining/Rational/src/main/scala/Rational.scala. Using presentation compiler with project's scala-library version: 3.3.3
2024.10.11 07:21:24 INFO  no build target found for /Users/toviasnunezborrero/Documents/GitHub/ProgrammierkonzepteDataMining/Rational/src/main/scala/Rational.scala. Using presentation compiler with project's scala-library version: 3.3.3
2024.10.11 07:21:28 INFO  no build target found for /Users/toviasnunezborrero/Documents/GitHub/ProgrammierkonzepteDataMining/Rational/src/main/scala/Rational.scala. Using presentation compiler with project's scala-library version: 3.3.3
2024.10.11 07:21:29 INFO  no build target found for /Users/toviasnunezborrero/Documents/GitHub/ProgrammierkonzepteDataMining/Rational/src/main/scala/Rational.scala. Using presentation compiler with project's scala-library version: 3.3.3
2024.10.11 07:21:29 INFO  no build target found for /Users/toviasnunezborrero/Documents/GitHub/ProgrammierkonzepteDataMining/Rational/src/main/scala/Rational.scala. Using presentation compiler with project's scala-library version: 3.3.3
2024.10.11 07:21:29 INFO  no build target found for /Users/toviasnunezborrero/Documents/GitHub/ProgrammierkonzepteDataMining/Rational/src/main/scala/Rational.scala. Using presentation compiler with project's scala-library version: 3.3.3
2024.10.11 07:21:29 INFO  no build target found for /Users/toviasnunezborrero/Documents/GitHub/ProgrammierkonzepteDataMining/Rational/src/main/scala/Rational.scala. Using presentation compiler with project's scala-library version: 3.3.3
2024.10.11 07:21:29 INFO  no build target found for /Users/toviasnunezborrero/Documents/GitHub/ProgrammierkonzepteDataMining/Rational/src/main/scala/Rational.scala. Using presentation compiler with project's scala-library version: 3.3.3
2024.10.11 07:21:34 INFO  no build target found for /Users/toviasnunezborrero/Documents/GitHub/ProgrammierkonzepteDataMining/Rational/src/main/scala/Rational.scala. Using presentation compiler with project's scala-library version: 3.3.3
2024.10.11 07:21:38 INFO  no build target found for /Users/toviasnunezborrero/Documents/GitHub/ProgrammierkonzepteDataMining/Rational/src/main/scala/Rational.scala. Using presentation compiler with project's scala-library version: 3.3.3
2024.10.11 07:21:38 INFO  no build target found for /Users/toviasnunezborrero/Documents/GitHub/ProgrammierkonzepteDataMining/Rational/src/main/scala/Rational.scala. Using presentation compiler with project's scala-library version: 3.3.3
2024.10.11 07:21:40 INFO  no build target found for /Users/toviasnunezborrero/Documents/GitHub/ProgrammierkonzepteDataMining/Rational/src/main/scala/Rational.scala. Using presentation compiler with project's scala-library version: 3.3.3
2024.10.11 07:21:43 INFO  no build target found for /Users/toviasnunezborrero/Documents/GitHub/ProgrammierkonzepteDataMining/Rational/src/main/scala/Rational.scala. Using presentation compiler with project's scala-library version: 3.3.3
2024.10.11 07:21:43 INFO  no build target found for /Users/toviasnunezborrero/Documents/GitHub/ProgrammierkonzepteDataMining/Rational/src/main/scala/Rational.scala. Using presentation compiler with project's scala-library version: 3.3.3
2024.10.11 07:21:43 INFO  no build target found for /Users/toviasnunezborrero/Documents/GitHub/ProgrammierkonzepteDataMining/Rational/src/main/scala/Rational.scala. Using presentation compiler with project's scala-library version: 3.3.3
2024.10.11 07:21:47 INFO  no build target found for /Users/toviasnunezborrero/Documents/GitHub/ProgrammierkonzepteDataMining/Rational/src/main/scala/Rational.scala. Using presentation compiler with project's scala-library version: 3.3.3
2024.10.11 07:21:47 INFO  no build target found for /Users/toviasnunezborrero/Documents/GitHub/ProgrammierkonzepteDataMining/Rational/src/main/scala/Rational.scala. Using presentation compiler with project's scala-library version: 3.3.3
2024.10.11 07:21:49 INFO  no build target found for /Users/toviasnunezborrero/Documents/GitHub/ProgrammierkonzepteDataMining/Rational/src/main/scala/Rational.scala. Using presentation compiler with project's scala-library version: 3.3.3
2024.10.11 07:21:49 INFO  no build target found for /Users/toviasnunezborrero/Documents/GitHub/ProgrammierkonzepteDataMining/Rational/src/main/scala/Rational.scala. Using presentation compiler with project's scala-library version: 3.3.3
2024.10.11 07:21:49 INFO  no build target found for /Users/toviasnunezborrero/Documents/GitHub/ProgrammierkonzepteDataMining/Rational/src/main/scala/Rational.scala. Using presentation compiler with project's scala-library version: 3.3.3
2024.10.11 07:21:49 INFO  no build target found for /Users/toviasnunezborrero/Documents/GitHub/ProgrammierkonzepteDataMining/Rational/src/main/scala/Rational.scala. Using presentation compiler with project's scala-library version: 3.3.3
2024.10.11 07:21:50 INFO  no build target found for /Users/toviasnunezborrero/Documents/GitHub/ProgrammierkonzepteDataMining/Rational/src/main/scala/Rational.scala. Using presentation compiler with project's scala-library version: 3.3.3
2024.10.11 07:21:52 INFO  no build target found for /Users/toviasnunezborrero/Documents/GitHub/ProgrammierkonzepteDataMining/Rational/src/main/scala/Rational.scala. Using presentation compiler with project's scala-library version: 3.3.3
2024.10.11 07:21:52 INFO  no build target found for /Users/toviasnunezborrero/Documents/GitHub/ProgrammierkonzepteDataMining/Rational/src/main/scala/Rational.scala. Using presentation compiler with project's scala-library version: 3.3.3
2024.10.11 07:21:53 INFO  no build target found for /Users/toviasnunezborrero/Documents/GitHub/ProgrammierkonzepteDataMining/Rational/src/main/scala/Rational.scala. Using presentation compiler with project's scala-library version: 3.3.3
2024.10.11 07:21:55 INFO  no build target found for /Users/toviasnunezborrero/Documents/GitHub/ProgrammierkonzepteDataMining/Rational/src/main/scala/Rational.scala. Using presentation compiler with project's scala-library version: 3.3.3
2024.10.11 07:21:57 INFO  no build target found for /Users/toviasnunezborrero/Documents/GitHub/ProgrammierkonzepteDataMining/Rational/src/main/scala/Rational.scala. Using presentation compiler with project's scala-library version: 3.3.3
2024.10.11 07:21:57 INFO  no build target found for /Users/toviasnunezborrero/Documents/GitHub/ProgrammierkonzepteDataMining/Rational/src/main/scala/Rational.scala. Using presentation compiler with project's scala-library version: 3.3.3
2024.10.11 07:21:57 INFO  no build target found for /Users/toviasnunezborrero/Documents/GitHub/ProgrammierkonzepteDataMining/Rational/src/main/scala/Rational.scala. Using presentation compiler with project's scala-library version: 3.3.3
2024.10.11 07:21:59 INFO  no build target found for /Users/toviasnunezborrero/Documents/GitHub/ProgrammierkonzepteDataMining/Rational/src/main/scala/Rational.scala. Using presentation compiler with project's scala-library version: 3.3.3
2024.10.11 07:21:59 INFO  no build target found for /Users/toviasnunezborrero/Documents/GitHub/ProgrammierkonzepteDataMining/Rational/src/main/scala/Rational.scala. Using presentation compiler with project's scala-library version: 3.3.3
2024.10.11 07:21:59 INFO  no build target found for /Users/toviasnunezborrero/Documents/GitHub/ProgrammierkonzepteDataMining/Rational/src/main/scala/Rational.scala. Using presentation compiler with project's scala-library version: 3.3.3
2024.10.11 07:21:59 INFO  no build target found for /Users/toviasnunezborrero/Documents/GitHub/ProgrammierkonzepteDataMining/Rational/src/main/scala/Rational.scala. Using presentation compiler with project's scala-library version: 3.3.3
2024.10.11 07:22:00 INFO  no build target found for /Users/toviasnunezborrero/Documents/GitHub/ProgrammierkonzepteDataMining/Rational/src/main/scala/Rational.scala. Using presentation compiler with project's scala-library version: 3.3.3
2024.10.11 07:22:18 INFO  no build target found for /Users/toviasnunezborrero/Documents/GitHub/ProgrammierkonzepteDataMining/Rational/src/main/scala/Rational.scala. Using presentation compiler with project's scala-library version: 3.3.3
2024.10.11 07:22:19 INFO  no build target found for /Users/toviasnunezborrero/Documents/GitHub/ProgrammierkonzepteDataMining/Rational/src/main/scala/Rational.scala. Using presentation compiler with project's scala-library version: 3.3.3
2024.10.11 07:22:20 WARN  no build target for: /Users/toviasnunezborrero/Documents/GitHub/ProgrammierkonzepteDataMining/Rational/src/main/scala/Rational.scala
2024.10.11 07:22:20 INFO  no build target found for /Users/toviasnunezborrero/Documents/GitHub/ProgrammierkonzepteDataMining/Rational/src/main/scala/Rational.scala. Using presentation compiler with project's scala-library version: 3.3.3
2024.10.11 07:23:11 INFO  no build target found for /Users/toviasnunezborrero/Documents/GitHub/ProgrammierkonzepteDataMining/Rational/src/main/scala/Rational.scala. Using presentation compiler with project's scala-library version: 3.3.3
2024.10.11 07:23:11 INFO  no build target found for /Users/toviasnunezborrero/Documents/GitHub/ProgrammierkonzepteDataMining/Rational/src/main/scala/Rational.scala. Using presentation compiler with project's scala-library version: 3.3.3
2024.10.11 07:23:13 INFO  no build target found for /Users/toviasnunezborrero/Documents/GitHub/ProgrammierkonzepteDataMining/Rational/src/main/scala/Rational.scala. Using presentation compiler with project's scala-library version: 3.3.3
2024.10.11 07:23:13 INFO  no build target found for /Users/toviasnunezborrero/Documents/GitHub/ProgrammierkonzepteDataMining/Rational/src/main/scala/Rational.scala. Using presentation compiler with project's scala-library version: 3.3.3
2024.10.11 07:23:16 INFO  no build target found for /Users/toviasnunezborrero/Documents/GitHub/ProgrammierkonzepteDataMining/Rational/src/main/scala/Rational.scala. Using presentation compiler with project's scala-library version: 3.3.3
2024.10.11 07:23:18 INFO  no build target found for /Users/toviasnunezborrero/Documents/GitHub/ProgrammierkonzepteDataMining/Rational/src/main/scala/Rational.scala. Using presentation compiler with project's scala-library version: 3.3.3
2024.10.11 07:23:19 INFO  no build target found for /Users/toviasnunezborrero/Documents/GitHub/ProgrammierkonzepteDataMining/Rational/src/main/scala/Rational.scala. Using presentation compiler with project's scala-library version: 3.3.3
2024.10.11 07:23:19 INFO  no build target found for /Users/toviasnunezborrero/Documents/GitHub/ProgrammierkonzepteDataMining/Rational/src/main/scala/Rational.scala. Using presentation compiler with project's scala-library version: 3.3.3
2024.10.11 07:23:19 INFO  no build target found for /Users/toviasnunezborrero/Documents/GitHub/ProgrammierkonzepteDataMining/Rational/src/main/scala/Rational.scala. Using presentation compiler with project's scala-library version: 3.3.3
2024.10.11 07:23:22 INFO  no build target found for /Users/toviasnunezborrero/Documents/GitHub/ProgrammierkonzepteDataMining/Rational/src/main/scala/Rational.scala. Using presentation compiler with project's scala-library version: 3.3.3
2024.10.11 07:23:22 INFO  no build target found for /Users/toviasnunezborrero/Documents/GitHub/ProgrammierkonzepteDataMining/Rational/src/main/scala/Rational.scala. Using presentation compiler with project's scala-library version: 3.3.3
2024.10.11 07:23:24 INFO  no build target found for /Users/toviasnunezborrero/Documents/GitHub/ProgrammierkonzepteDataMining/Rational/src/main/scala/Rational.scala. Using presentation compiler with project's scala-library version: 3.3.3
2024.10.11 07:23:24 WARN  no build target for: /Users/toviasnunezborrero/Documents/GitHub/ProgrammierkonzepteDataMining/Rational/src/main/scala/Rational.scala
2024.10.11 07:23:24 INFO  no build target found for /Users/toviasnunezborrero/Documents/GitHub/ProgrammierkonzepteDataMining/Rational/src/main/scala/Rational.scala. Using presentation compiler with project's scala-library version: 3.3.3
2024.10.11 07:23:35 INFO  no build target found for /Users/toviasnunezborrero/Documents/GitHub/ProgrammierkonzepteDataMining/Rational/src/main/scala/Rational.scala. Using presentation compiler with project's scala-library version: 3.3.3
2024.10.11 07:23:39 INFO  no build target found for /Users/toviasnunezborrero/Documents/GitHub/ProgrammierkonzepteDataMining/Rational/src/main/scala/Rational.scala. Using presentation compiler with project's scala-library version: 3.3.3
2024.10.11 07:23:39 INFO  no build target found for /Users/toviasnunezborrero/Documents/GitHub/ProgrammierkonzepteDataMining/Rational/src/main/scala/Rational.scala. Using presentation compiler with project's scala-library version: 3.3.3
2024.10.11 07:23:43 INFO  no build target found for /Users/toviasnunezborrero/Documents/GitHub/ProgrammierkonzepteDataMining/Rational/src/main/scala/Rational.scala. Using presentation compiler with project's scala-library version: 3.3.3
2024.10.11 07:23:43 INFO  no build target found for /Users/toviasnunezborrero/Documents/GitHub/ProgrammierkonzepteDataMining/Rational/src/main/scala/Rational.scala. Using presentation compiler with project's scala-library version: 3.3.3
2024.10.11 07:23:43 INFO  no build target found for /Users/toviasnunezborrero/Documents/GitHub/ProgrammierkonzepteDataMining/Rational/src/main/scala/Rational.scala. Using presentation compiler with project's scala-library version: 3.3.3
2024.10.11 07:23:45 INFO  no build target found for /Users/toviasnunezborrero/Documents/GitHub/ProgrammierkonzepteDataMining/Rational/src/main/scala/Rational.scala. Using presentation compiler with project's scala-library version: 3.3.3
2024.10.11 07:23:50 INFO  no build target found for /Users/toviasnunezborrero/Documents/GitHub/ProgrammierkonzepteDataMining/Rational/src/main/scala/Rational.scala. Using presentation compiler with project's scala-library version: 3.3.3
2024.10.11 07:23:58 INFO  no build target found for /Users/toviasnunezborrero/Documents/GitHub/ProgrammierkonzepteDataMining/Rational/src/main/scala/Rational.scala. Using presentation compiler with project's scala-library version: 3.3.3
2024.10.11 07:23:58 INFO  no build target found for /Users/toviasnunezborrero/Documents/GitHub/ProgrammierkonzepteDataMining/Rational/src/main/scala/Rational.scala. Using presentation compiler with project's scala-library version: 3.3.3
2024.10.11 07:23:58 INFO  no build target found for /Users/toviasnunezborrero/Documents/GitHub/ProgrammierkonzepteDataMining/Rational/src/main/scala/Rational.scala. Using presentation compiler with project's scala-library version: 3.3.3
2024.10.11 07:24:00 INFO  no build target found for /Users/toviasnunezborrero/Documents/GitHub/ProgrammierkonzepteDataMining/Rational/src/main/scala/Rational.scala. Using presentation compiler with project's scala-library version: 3.3.3
2024.10.11 07:24:00 INFO  no build target found for /Users/toviasnunezborrero/Documents/GitHub/ProgrammierkonzepteDataMining/Rational/src/main/scala/Rational.scala. Using presentation compiler with project's scala-library version: 3.3.3
2024.10.11 07:24:00 INFO  no build target found for /Users/toviasnunezborrero/Documents/GitHub/ProgrammierkonzepteDataMining/Rational/src/main/scala/Rational.scala. Using presentation compiler with project's scala-library version: 3.3.3
2024.10.11 07:24:01 INFO  no build target found for /Users/toviasnunezborrero/Documents/GitHub/ProgrammierkonzepteDataMining/Rational/src/main/scala/Rational.scala. Using presentation compiler with project's scala-library version: 3.3.3
2024.10.11 07:24:02 INFO  no build target found for /Users/toviasnunezborrero/Documents/GitHub/ProgrammierkonzepteDataMining/Rational/src/main/scala/Rational.scala. Using presentation compiler with project's scala-library version: 3.3.3
2024.10.11 07:24:02 INFO  no build target found for /Users/toviasnunezborrero/Documents/GitHub/ProgrammierkonzepteDataMining/Rational/src/main/scala/Rational.scala. Using presentation compiler with project's scala-library version: 3.3.3
2024.10.11 07:24:04 INFO  no build target found for /Users/toviasnunezborrero/Documents/GitHub/ProgrammierkonzepteDataMining/Rational/src/main/scala/Rational.scala. Using presentation compiler with project's scala-library version: 3.3.3
2024.10.11 07:24:04 INFO  no build target found for /Users/toviasnunezborrero/Documents/GitHub/ProgrammierkonzepteDataMining/Rational/src/main/scala/Rational.scala. Using presentation compiler with project's scala-library version: 3.3.3
2024.10.11 07:24:04 INFO  no build target found for /Users/toviasnunezborrero/Documents/GitHub/ProgrammierkonzepteDataMining/Rational/src/main/scala/Rational.scala. Using presentation compiler with project's scala-library version: 3.3.3
2024.10.11 07:24:06 INFO  no build target found for /Users/toviasnunezborrero/Documents/GitHub/ProgrammierkonzepteDataMining/Rational/src/main/scala/Rational.scala. Using presentation compiler with project's scala-library version: 3.3.3
2024.10.11 07:24:06 INFO  no build target found for /Users/toviasnunezborrero/Documents/GitHub/ProgrammierkonzepteDataMining/Rational/src/main/scala/Rational.scala. Using presentation compiler with project's scala-library version: 3.3.3
2024.10.11 07:24:06 INFO  no build target found for /Users/toviasnunezborrero/Documents/GitHub/ProgrammierkonzepteDataMining/Rational/src/main/scala/Rational.scala. Using presentation compiler with project's scala-library version: 3.3.3
2024.10.11 07:24:06 INFO  no build target found for /Users/toviasnunezborrero/Documents/GitHub/ProgrammierkonzepteDataMining/Rational/src/main/scala/Rational.scala. Using presentation compiler with project's scala-library version: 3.3.3
2024.10.11 07:24:06 INFO  no build target found for /Users/toviasnunezborrero/Documents/GitHub/ProgrammierkonzepteDataMining/Rational/src/main/scala/Rational.scala. Using presentation compiler with project's scala-library version: 3.3.3
2024.10.11 07:24:06 INFO  no build target found for /Users/toviasnunezborrero/Documents/GitHub/ProgrammierkonzepteDataMining/Rational/src/main/scala/Rational.scala. Using presentation compiler with project's scala-library version: 3.3.3
2024.10.11 07:24:07 INFO  no build target found for /Users/toviasnunezborrero/Documents/GitHub/ProgrammierkonzepteDataMining/Rational/src/main/scala/Rational.scala. Using presentation compiler with project's scala-library version: 3.3.3
2024.10.11 07:24:07 INFO  no build target found for /Users/toviasnunezborrero/Documents/GitHub/ProgrammierkonzepteDataMining/Rational/src/main/scala/Rational.scala. Using presentation compiler with project's scala-library version: 3.3.3
2024.10.11 07:24:07 INFO  no build target found for /Users/toviasnunezborrero/Documents/GitHub/ProgrammierkonzepteDataMining/Rational/src/main/scala/Rational.scala. Using presentation compiler with project's scala-library version: 3.3.3
2024.10.11 07:24:07 INFO  no build target found for /Users/toviasnunezborrero/Documents/GitHub/ProgrammierkonzepteDataMining/Rational/src/main/scala/Rational.scala. Using presentation compiler with project's scala-library version: 3.3.3
2024.10.11 07:24:07 INFO  no build target found for /Users/toviasnunezborrero/Documents/GitHub/ProgrammierkonzepteDataMining/Rational/src/main/scala/Rational.scala. Using presentation compiler with project's scala-library version: 3.3.3
2024.10.11 07:24:10 INFO  no build target found for /Users/toviasnunezborrero/Documents/GitHub/ProgrammierkonzepteDataMining/Rational/src/main/scala/Rational.scala. Using presentation compiler with project's scala-library version: 3.3.3
2024.10.11 07:24:15 INFO  no build target found for /Users/toviasnunezborrero/Documents/GitHub/ProgrammierkonzepteDataMining/Rational/src/main/scala/Rational.scala. Using presentation compiler with project's scala-library version: 3.3.3
2024.10.11 07:24:15 INFO  no build target found for /Users/toviasnunezborrero/Documents/GitHub/ProgrammierkonzepteDataMining/Rational/src/main/scala/Rational.scala. Using presentation compiler with project's scala-library version: 3.3.3
2024.10.11 07:24:17 INFO  no build target found for /Users/toviasnunezborrero/Documents/GitHub/ProgrammierkonzepteDataMining/Rational/src/main/scala/Rational.scala. Using presentation compiler with project's scala-library version: 3.3.3
2024.10.11 07:24:32 INFO  no build target found for /Users/toviasnunezborrero/Documents/GitHub/ProgrammierkonzepteDataMining/Rational/src/main/scala/Rational.scala. Using presentation compiler with project's scala-library version: 3.3.3
2024.10.11 07:24:32 INFO  no build target found for /Users/toviasnunezborrero/Documents/GitHub/ProgrammierkonzepteDataMining/Rational/src/main/scala/Rational.scala. Using presentation compiler with project's scala-library version: 3.3.3
2024.10.11 07:24:34 INFO  no build target found for /Users/toviasnunezborrero/Documents/GitHub/ProgrammierkonzepteDataMining/Rational/src/main/scala/Rational.scala. Using presentation compiler with project's scala-library version: 3.3.3
2024.10.11 07:24:38 INFO  no build target found for /Users/toviasnunezborrero/Documents/GitHub/ProgrammierkonzepteDataMining/Rational/src/main/scala/Rational.scala. Using presentation compiler with project's scala-library version: 3.3.3
2024.10.11 07:24:38 INFO  no build target found for /Users/toviasnunezborrero/Documents/GitHub/ProgrammierkonzepteDataMining/Rational/src/main/scala/Rational.scala. Using presentation compiler with project's scala-library version: 3.3.3
2024.10.11 07:24:38 INFO  no build target found for /Users/toviasnunezborrero/Documents/GitHub/ProgrammierkonzepteDataMining/Rational/src/main/scala/Rational.scala. Using presentation compiler with project's scala-library version: 3.3.3
2024.10.11 07:24:39 INFO  no build target found for /Users/toviasnunezborrero/Documents/GitHub/ProgrammierkonzepteDataMining/Rational/src/main/scala/Rational.scala. Using presentation compiler with project's scala-library version: 3.3.3
2024.10.11 07:24:41 INFO  no build target found for /Users/toviasnunezborrero/Documents/GitHub/ProgrammierkonzepteDataMining/Rational/src/main/scala/Rational.scala. Using presentation compiler with project's scala-library version: 3.3.3
2024.10.11 07:24:42 WARN  no build target for: /Users/toviasnunezborrero/Documents/GitHub/ProgrammierkonzepteDataMining/Rational/src/main/scala/Rational.scala
2024.10.11 07:24:47 INFO  no build target found for /Users/toviasnunezborrero/Documents/GitHub/ProgrammierkonzepteDataMining/Rational/src/main/scala/Rational.scala. Using presentation compiler with project's scala-library version: 3.3.3
2024.10.11 07:24:47 INFO  no build target found for /Users/toviasnunezborrero/Documents/GitHub/ProgrammierkonzepteDataMining/Rational/src/main/scala/Rational.scala. Using presentation compiler with project's scala-library version: 3.3.3
2024.10.11 07:24:49 INFO  no build target found for /Users/toviasnunezborrero/Documents/GitHub/ProgrammierkonzepteDataMining/Rational/src/main/scala/Rational.scala. Using presentation compiler with project's scala-library version: 3.3.3
2024.10.11 07:24:53 INFO  no build target found for /Users/toviasnunezborrero/Documents/GitHub/ProgrammierkonzepteDataMining/Rational/src/main/scala/Rational.scala. Using presentation compiler with project's scala-library version: 3.3.3
2024.10.11 07:24:53 INFO  no build target found for /Users/toviasnunezborrero/Documents/GitHub/ProgrammierkonzepteDataMining/Rational/src/main/scala/Rational.scala. Using presentation compiler with project's scala-library version: 3.3.3
2024.10.11 07:24:56 INFO  no build target found for /Users/toviasnunezborrero/Documents/GitHub/ProgrammierkonzepteDataMining/Rational/src/main/scala/Rational.scala. Using presentation compiler with project's scala-library version: 3.3.3
2024.10.11 07:25:00 INFO  no build target found for /Users/toviasnunezborrero/Documents/GitHub/ProgrammierkonzepteDataMining/Rational/src/main/scala/Rational.scala. Using presentation compiler with project's scala-library version: 3.3.3
2024.10.11 07:25:05 INFO  no build target found for /Users/toviasnunezborrero/Documents/GitHub/ProgrammierkonzepteDataMining/Rational/src/main/scala/Rational.scala. Using presentation compiler with project's scala-library version: 3.3.3
2024.10.11 07:25:07 INFO  no build target found for /Users/toviasnunezborrero/Documents/GitHub/ProgrammierkonzepteDataMining/Rational/src/main/scala/Rational.scala. Using presentation compiler with project's scala-library version: 3.3.3
2024.10.11 07:25:07 INFO  no build target found for /Users/toviasnunezborrero/Documents/GitHub/ProgrammierkonzepteDataMining/Rational/src/main/scala/Rational.scala. Using presentation compiler with project's scala-library version: 3.3.3
2024.10.11 07:25:10 INFO  no build target found for /Users/toviasnunezborrero/Documents/GitHub/ProgrammierkonzepteDataMining/Rational/src/main/scala/Rational.scala. Using presentation compiler with project's scala-library version: 3.3.3
2024.10.11 07:25:12 INFO  no build target found for /Users/toviasnunezborrero/Documents/GitHub/ProgrammierkonzepteDataMining/Rational/src/main/scala/Rational.scala. Using presentation compiler with project's scala-library version: 3.3.3
2024.10.11 07:25:21 WARN  no build target for: /Users/toviasnunezborrero/Documents/GitHub/ProgrammierkonzepteDataMining/Rational/src/main/scala/Rational.scala
2024.10.11 07:25:21 INFO  no build target found for /Users/toviasnunezborrero/Documents/GitHub/ProgrammierkonzepteDataMining/Rational/src/main/scala/Rational.scala. Using presentation compiler with project's scala-library version: 3.3.3
2024.10.11 07:26:19 INFO  no build target found for /Users/toviasnunezborrero/Documents/GitHub/ProgrammierkonzepteDataMining/Rational/src/main/scala/Rational.scala. Using presentation compiler with project's scala-library version: 3.3.3
2024.10.11 07:26:30 INFO  no build target found for /Users/toviasnunezborrero/Documents/GitHub/ProgrammierkonzepteDataMining/Rational/src/main/scala/Rational.scala. Using presentation compiler with project's scala-library version: 3.3.3
2024.10.11 07:26:30 INFO  no build target found for /Users/toviasnunezborrero/Documents/GitHub/ProgrammierkonzepteDataMining/Rational/src/main/scala/Rational.scala. Using presentation compiler with project's scala-library version: 3.3.3
2024.10.11 07:28:35 INFO  no build target found for /Users/toviasnunezborrero/Documents/GitHub/ProgrammierkonzepteDataMining/Rational/src/main/scala/Rational.scala. Using presentation compiler with project's scala-library version: 3.3.3
2024.10.11 07:29:35 INFO  no build target found for /Users/toviasnunezborrero/Documents/GitHub/ProgrammierkonzepteDataMining/Rational/src/main/scala/Rational.scala. Using presentation compiler with project's scala-library version: 3.3.3
2024.10.11 07:30:08 INFO  no build target found for /Users/toviasnunezborrero/Documents/GitHub/ProgrammierkonzepteDataMining/Rational/src/main/scala/Rational.scala. Using presentation compiler with project's scala-library version: 3.3.3
2024.10.11 07:30:08 INFO  no build target found for /Users/toviasnunezborrero/Documents/GitHub/ProgrammierkonzepteDataMining/Rational/src/main/scala/Rational.scala. Using presentation compiler with project's scala-library version: 3.3.3
2024.10.11 07:30:10 INFO  no build target found for /Users/toviasnunezborrero/Documents/GitHub/ProgrammierkonzepteDataMining/Rational/src/main/scala/Rational.scala. Using presentation compiler with project's scala-library version: 3.3.3
2024.10.11 07:30:10 INFO  no build target found for /Users/toviasnunezborrero/Documents/GitHub/ProgrammierkonzepteDataMining/Rational/src/main/scala/Rational.scala. Using presentation compiler with project's scala-library version: 3.3.3
2024.10.11 07:30:14 INFO  no build target found for /Users/toviasnunezborrero/Documents/GitHub/ProgrammierkonzepteDataMining/Rational/src/main/scala/Rational.scala. Using presentation compiler with project's scala-library version: 3.3.3
2024.10.11 07:30:15 INFO  no build target found for /Users/toviasnunezborrero/Documents/GitHub/ProgrammierkonzepteDataMining/Rational/src/main/scala/Rational.scala. Using presentation compiler with project's scala-library version: 3.3.3
2024.10.11 07:30:15 INFO  no build target found for /Users/toviasnunezborrero/Documents/GitHub/ProgrammierkonzepteDataMining/Rational/src/main/scala/Rational.scala. Using presentation compiler with project's scala-library version: 3.3.3
2024.10.11 07:30:15 INFO  no build target found for /Users/toviasnunezborrero/Documents/GitHub/ProgrammierkonzepteDataMining/Rational/src/main/scala/Rational.scala. Using presentation compiler with project's scala-library version: 3.3.3
2024.10.11 07:30:16 INFO  no build target found for /Users/toviasnunezborrero/Documents/GitHub/ProgrammierkonzepteDataMining/Rational/src/main/scala/Rational.scala. Using presentation compiler with project's scala-library version: 3.3.3
2024.10.11 07:30:19 INFO  no build target found for /Users/toviasnunezborrero/Documents/GitHub/ProgrammierkonzepteDataMining/Rational/src/main/scala/Rational.scala. Using presentation compiler with project's scala-library version: 3.3.3
2024.10.11 07:30:29 INFO  no build target found for /Users/toviasnunezborrero/Documents/GitHub/ProgrammierkonzepteDataMining/Rational/src/main/scala/Rational.scala. Using presentation compiler with project's scala-library version: 3.3.3
2024.10.11 07:30:29 INFO  no build target found for /Users/toviasnunezborrero/Documents/GitHub/ProgrammierkonzepteDataMining/Rational/src/main/scala/Rational.scala. Using presentation compiler with project's scala-library version: 3.3.3
2024.10.11 07:30:29 INFO  no build target found for /Users/toviasnunezborrero/Documents/GitHub/ProgrammierkonzepteDataMining/Rational/src/main/scala/Rational.scala. Using presentation compiler with project's scala-library version: 3.3.3
2024.10.11 07:30:29 INFO  no build target found for /Users/toviasnunezborrero/Documents/GitHub/ProgrammierkonzepteDataMining/Rational/src/main/scala/Rational.scala. Using presentation compiler with project's scala-library version: 3.3.3
2024.10.11 07:30:29 INFO  no build target found for /Users/toviasnunezborrero/Documents/GitHub/ProgrammierkonzepteDataMining/Rational/src/main/scala/Rational.scala. Using presentation compiler with project's scala-library version: 3.3.3
2024.10.11 07:30:29 INFO  no build target found for /Users/toviasnunezborrero/Documents/GitHub/ProgrammierkonzepteDataMining/Rational/src/main/scala/Rational.scala. Using presentation compiler with project's scala-library version: 3.3.3
2024.10.11 07:30:30 INFO  no build target found for /Users/toviasnunezborrero/Documents/GitHub/ProgrammierkonzepteDataMining/Rational/src/main/scala/Rational.scala. Using presentation compiler with project's scala-library version: 3.3.3
2024.10.11 07:30:32 INFO  no build target found for /Users/toviasnunezborrero/Documents/GitHub/ProgrammierkonzepteDataMining/Rational/src/main/scala/Rational.scala. Using presentation compiler with project's scala-library version: 3.3.3
2024.10.11 07:30:32 INFO  no build target found for /Users/toviasnunezborrero/Documents/GitHub/ProgrammierkonzepteDataMining/Rational/src/main/scala/Rational.scala. Using presentation compiler with project's scala-library version: 3.3.3
2024.10.11 07:30:34 INFO  no build target found for /Users/toviasnunezborrero/Documents/GitHub/ProgrammierkonzepteDataMining/Rational/src/main/scala/Rational.scala. Using presentation compiler with project's scala-library version: 3.3.3
2024.10.11 07:30:34 INFO  no build target found for /Users/toviasnunezborrero/Documents/GitHub/ProgrammierkonzepteDataMining/Rational/src/main/scala/Rational.scala. Using presentation compiler with project's scala-library version: 3.3.3
2024.10.11 07:30:35 INFO  no build target found for /Users/toviasnunezborrero/Documents/GitHub/ProgrammierkonzepteDataMining/Rational/src/main/scala/Rational.scala. Using presentation compiler with project's scala-library version: 3.3.3
2024.10.11 07:30:41 INFO  no build target found for /Users/toviasnunezborrero/Documents/GitHub/ProgrammierkonzepteDataMining/Rational/src/main/scala/Rational.scala. Using presentation compiler with project's scala-library version: 3.3.3
2024.10.11 07:30:41 INFO  no build target found for /Users/toviasnunezborrero/Documents/GitHub/ProgrammierkonzepteDataMining/Rational/src/main/scala/Rational.scala. Using presentation compiler with project's scala-library version: 3.3.3
2024.10.11 07:30:43 INFO  no build target found for /Users/toviasnunezborrero/Documents/GitHub/ProgrammierkonzepteDataMining/Rational/src/main/scala/Rational.scala. Using presentation compiler with project's scala-library version: 3.3.3
2024.10.11 07:30:43 INFO  no build target found for /Users/toviasnunezborrero/Documents/GitHub/ProgrammierkonzepteDataMining/Rational/src/main/scala/Rational.scala. Using presentation compiler with project's scala-library version: 3.3.3
2024.10.11 07:30:43 INFO  no build target found for /Users/toviasnunezborrero/Documents/GitHub/ProgrammierkonzepteDataMining/Rational/src/main/scala/Rational.scala. Using presentation compiler with project's scala-library version: 3.3.3
2024.10.11 07:30:43 INFO  no build target found for /Users/toviasnunezborrero/Documents/GitHub/ProgrammierkonzepteDataMining/Rational/src/main/scala/Rational.scala. Using presentation compiler with project's scala-library version: 3.3.3
2024.10.11 07:30:46 INFO  no build target found for /Users/toviasnunezborrero/Documents/GitHub/ProgrammierkonzepteDataMining/Rational/src/main/scala/Rational.scala. Using presentation compiler with project's scala-library version: 3.3.3
2024.10.11 07:30:48 INFO  no build target found for /Users/toviasnunezborrero/Documents/GitHub/ProgrammierkonzepteDataMining/Rational/src/main/scala/Rational.scala. Using presentation compiler with project's scala-library version: 3.3.3
2024.10.11 07:30:48 INFO  no build target found for /Users/toviasnunezborrero/Documents/GitHub/ProgrammierkonzepteDataMining/Rational/src/main/scala/Rational.scala. Using presentation compiler with project's scala-library version: 3.3.3
2024.10.11 07:30:48 INFO  no build target found for /Users/toviasnunezborrero/Documents/GitHub/ProgrammierkonzepteDataMining/Rational/src/main/scala/Rational.scala. Using presentation compiler with project's scala-library version: 3.3.3
2024.10.11 07:30:48 INFO  no build target found for /Users/toviasnunezborrero/Documents/GitHub/ProgrammierkonzepteDataMining/Rational/src/main/scala/Rational.scala. Using presentation compiler with project's scala-library version: 3.3.3
2024.10.11 07:30:50 INFO  no build target found for /Users/toviasnunezborrero/Documents/GitHub/ProgrammierkonzepteDataMining/Rational/src/main/scala/Rational.scala. Using presentation compiler with project's scala-library version: 3.3.3
2024.10.11 07:30:50 INFO  no build target found for /Users/toviasnunezborrero/Documents/GitHub/ProgrammierkonzepteDataMining/Rational/src/main/scala/Rational.scala. Using presentation compiler with project's scala-library version: 3.3.3
2024.10.11 07:30:50 INFO  no build target found for /Users/toviasnunezborrero/Documents/GitHub/ProgrammierkonzepteDataMining/Rational/src/main/scala/Rational.scala. Using presentation compiler with project's scala-library version: 3.3.3
2024.10.11 07:30:52 INFO  no build target found for /Users/toviasnunezborrero/Documents/GitHub/ProgrammierkonzepteDataMining/Rational/src/main/scala/Rational.scala. Using presentation compiler with project's scala-library version: 3.3.3
2024.10.11 07:30:52 INFO  no build target found for /Users/toviasnunezborrero/Documents/GitHub/ProgrammierkonzepteDataMining/Rational/src/main/scala/Rational.scala. Using presentation compiler with project's scala-library version: 3.3.3
2024.10.11 07:30:53 INFO  no build target found for /Users/toviasnunezborrero/Documents/GitHub/ProgrammierkonzepteDataMining/Rational/src/main/scala/Rational.scala. Using presentation compiler with project's scala-library version: 3.3.3
2024.10.11 07:30:57 INFO  no build target found for /Users/toviasnunezborrero/Documents/GitHub/ProgrammierkonzepteDataMining/Rational/src/main/scala/Rational.scala. Using presentation compiler with project's scala-library version: 3.3.3
2024.10.11 07:30:57 INFO  no build target found for /Users/toviasnunezborrero/Documents/GitHub/ProgrammierkonzepteDataMining/Rational/src/main/scala/Rational.scala. Using presentation compiler with project's scala-library version: 3.3.3
2024.10.11 07:31:00 INFO  no build target found for /Users/toviasnunezborrero/Documents/GitHub/ProgrammierkonzepteDataMining/Rational/src/main/scala/Rational.scala. Using presentation compiler with project's scala-library version: 3.3.3
2024.10.11 07:31:00 INFO  no build target found for /Users/toviasnunezborrero/Documents/GitHub/ProgrammierkonzepteDataMining/Rational/src/main/scala/Rational.scala. Using presentation compiler with project's scala-library version: 3.3.3
2024.10.11 07:31:00 INFO  no build target found for /Users/toviasnunezborrero/Documents/GitHub/ProgrammierkonzepteDataMining/Rational/src/main/scala/Rational.scala. Using presentation compiler with project's scala-library version: 3.3.3
2024.10.11 07:31:00 INFO  no build target found for /Users/toviasnunezborrero/Documents/GitHub/ProgrammierkonzepteDataMining/Rational/src/main/scala/Rational.scala. Using presentation compiler with project's scala-library version: 3.3.3
2024.10.11 07:31:00 INFO  no build target found for /Users/toviasnunezborrero/Documents/GitHub/ProgrammierkonzepteDataMining/Rational/src/main/scala/Rational.scala. Using presentation compiler with project's scala-library version: 3.3.3
2024.10.11 07:31:00 INFO  no build target found for /Users/toviasnunezborrero/Documents/GitHub/ProgrammierkonzepteDataMining/Rational/src/main/scala/Rational.scala. Using presentation compiler with project's scala-library version: 3.3.3
2024.10.11 07:31:00 INFO  no build target found for /Users/toviasnunezborrero/Documents/GitHub/ProgrammierkonzepteDataMining/Rational/src/main/scala/Rational.scala. Using presentation compiler with project's scala-library version: 3.3.3
2024.10.11 07:31:02 INFO  no build target found for /Users/toviasnunezborrero/Documents/GitHub/ProgrammierkonzepteDataMining/Rational/src/main/scala/Rational.scala. Using presentation compiler with project's scala-library version: 3.3.3
2024.10.11 07:31:02 INFO  no build target found for /Users/toviasnunezborrero/Documents/GitHub/ProgrammierkonzepteDataMining/Rational/src/main/scala/Rational.scala. Using presentation compiler with project's scala-library version: 3.3.3
2024.10.11 07:31:02 INFO  no build target found for /Users/toviasnunezborrero/Documents/GitHub/ProgrammierkonzepteDataMining/Rational/src/main/scala/Rational.scala. Using presentation compiler with project's scala-library version: 3.3.3
2024.10.11 07:31:02 INFO  no build target found for /Users/toviasnunezborrero/Documents/GitHub/ProgrammierkonzepteDataMining/Rational/src/main/scala/Rational.scala. Using presentation compiler with project's scala-library version: 3.3.3
2024.10.11 07:31:02 INFO  no build target found for /Users/toviasnunezborrero/Documents/GitHub/ProgrammierkonzepteDataMining/Rational/src/main/scala/Rational.scala. Using presentation compiler with project's scala-library version: 3.3.3
2024.10.11 07:31:02 INFO  no build target found for /Users/toviasnunezborrero/Documents/GitHub/ProgrammierkonzepteDataMining/Rational/src/main/scala/Rational.scala. Using presentation compiler with project's scala-library version: 3.3.3
2024.10.11 07:31:02 INFO  no build target found for /Users/toviasnunezborrero/Documents/GitHub/ProgrammierkonzepteDataMining/Rational/src/main/scala/Rational.scala. Using presentation compiler with project's scala-library version: 3.3.3
2024.10.11 07:31:03 INFO  no build target found for /Users/toviasnunezborrero/Documents/GitHub/ProgrammierkonzepteDataMining/Rational/src/main/scala/Rational.scala. Using presentation compiler with project's scala-library version: 3.3.3
2024.10.11 07:31:03 INFO  no build target found for /Users/toviasnunezborrero/Documents/GitHub/ProgrammierkonzepteDataMining/Rational/src/main/scala/Rational.scala. Using presentation compiler with project's scala-library version: 3.3.3
2024.10.11 07:31:06 INFO  no build target found for /Users/toviasnunezborrero/Documents/GitHub/ProgrammierkonzepteDataMining/Rational/src/main/scala/Rational.scala. Using presentation compiler with project's scala-library version: 3.3.3
2024.10.11 07:31:06 INFO  no build target found for /Users/toviasnunezborrero/Documents/GitHub/ProgrammierkonzepteDataMining/Rational/src/main/scala/Rational.scala. Using presentation compiler with project's scala-library version: 3.3.3
2024.10.11 07:31:06 INFO  no build target found for /Users/toviasnunezborrero/Documents/GitHub/ProgrammierkonzepteDataMining/Rational/src/main/scala/Rational.scala. Using presentation compiler with project's scala-library version: 3.3.3
2024.10.11 07:31:08 INFO  no build target found for /Users/toviasnunezborrero/Documents/GitHub/ProgrammierkonzepteDataMining/Rational/src/main/scala/Rational.scala. Using presentation compiler with project's scala-library version: 3.3.3
2024.10.11 07:31:09 INFO  no build target found for /Users/toviasnunezborrero/Documents/GitHub/ProgrammierkonzepteDataMining/Rational/src/main/scala/Rational.scala. Using presentation compiler with project's scala-library version: 3.3.3
2024.10.11 07:31:09 INFO  no build target found for /Users/toviasnunezborrero/Documents/GitHub/ProgrammierkonzepteDataMining/Rational/src/main/scala/Rational.scala. Using presentation compiler with project's scala-library version: 3.3.3
2024.10.11 07:31:11 INFO  no build target found for /Users/toviasnunezborrero/Documents/GitHub/ProgrammierkonzepteDataMining/Rational/src/main/scala/Rational.scala. Using presentation compiler with project's scala-library version: 3.3.3
2024.10.11 07:31:14 INFO  no build target found for /Users/toviasnunezborrero/Documents/GitHub/ProgrammierkonzepteDataMining/Rational/src/main/scala/Rational.scala. Using presentation compiler with project's scala-library version: 3.3.3
2024.10.11 07:31:14 INFO  no build target found for /Users/toviasnunezborrero/Documents/GitHub/ProgrammierkonzepteDataMining/Rational/src/main/scala/Rational.scala. Using presentation compiler with project's scala-library version: 3.3.3
2024.10.11 07:31:14 INFO  no build target found for /Users/toviasnunezborrero/Documents/GitHub/ProgrammierkonzepteDataMining/Rational/src/main/scala/Rational.scala. Using presentation compiler with project's scala-library version: 3.3.3
2024.10.11 07:31:18 INFO  no build target found for /Users/toviasnunezborrero/Documents/GitHub/ProgrammierkonzepteDataMining/Rational/src/main/scala/Rational.scala. Using presentation compiler with project's scala-library version: 3.3.3
2024.10.11 07:31:19 INFO  no build target found for /Users/toviasnunezborrero/Documents/GitHub/ProgrammierkonzepteDataMining/Rational/src/main/scala/Rational.scala. Using presentation compiler with project's scala-library version: 3.3.3
2024.10.11 07:31:20 INFO  no build target found for /Users/toviasnunezborrero/Documents/GitHub/ProgrammierkonzepteDataMining/Rational/src/main/scala/Rational.scala. Using presentation compiler with project's scala-library version: 3.3.3
2024.10.11 07:31:24 INFO  no build target found for /Users/toviasnunezborrero/Documents/GitHub/ProgrammierkonzepteDataMining/Rational/src/main/scala/Rational.scala. Using presentation compiler with project's scala-library version: 3.3.3
2024.10.11 07:31:25 INFO  no build target found for /Users/toviasnunezborrero/Documents/GitHub/ProgrammierkonzepteDataMining/Rational/src/main/scala/Rational.scala. Using presentation compiler with project's scala-library version: 3.3.3
2024.10.11 07:31:27 INFO  no build target found for /Users/toviasnunezborrero/Documents/GitHub/ProgrammierkonzepteDataMining/Rational/src/main/scala/Rational.scala. Using presentation compiler with project's scala-library version: 3.3.3
2024.10.11 07:31:28 INFO  no build target found for /Users/toviasnunezborrero/Documents/GitHub/ProgrammierkonzepteDataMining/Rational/src/main/scala/Rational.scala. Using presentation compiler with project's scala-library version: 3.3.3
2024.10.11 07:31:29 INFO  no build target found for /Users/toviasnunezborrero/Documents/GitHub/ProgrammierkonzepteDataMining/Rational/src/main/scala/Rational.scala. Using presentation compiler with project's scala-library version: 3.3.3
2024.10.11 07:31:30 WARN  no build target for: /Users/toviasnunezborrero/Documents/GitHub/ProgrammierkonzepteDataMining/Rational/src/main/scala/Rational.scala
2024.10.11 07:31:30 INFO  no build target found for /Users/toviasnunezborrero/Documents/GitHub/ProgrammierkonzepteDataMining/Rational/src/main/scala/Rational.scala. Using presentation compiler with project's scala-library version: 3.3.3
2024.10.11 07:31:46 INFO  no build target found for /Users/toviasnunezborrero/Documents/GitHub/ProgrammierkonzepteDataMining/Rational/src/main/scala/Rational.scala. Using presentation compiler with project's scala-library version: 3.3.3
2024.10.11 07:31:54 WARN  no build target for: /Users/toviasnunezborrero/Documents/GitHub/ProgrammierkonzepteDataMining/Rational/src/main/scala/Rational.scala
2024.10.11 07:32:07 INFO  no build target found for /Users/toviasnunezborrero/Documents/GitHub/ProgrammierkonzepteDataMining/Rational/src/main/scala/Rational.scala. Using presentation compiler with project's scala-library version: 3.3.3
2024.10.11 07:32:07 INFO  no build target found for /Users/toviasnunezborrero/Documents/GitHub/ProgrammierkonzepteDataMining/Rational/src/main/scala/Rational.scala. Using presentation compiler with project's scala-library version: 3.3.3
2024.10.11 07:32:11 INFO  no build target found for /Users/toviasnunezborrero/Documents/GitHub/ProgrammierkonzepteDataMining/Rational/src/main/scala/Rational.scala. Using presentation compiler with project's scala-library version: 3.3.3
2024.10.11 07:32:49 INFO  no build target found for /Users/toviasnunezborrero/Documents/GitHub/ProgrammierkonzepteDataMining/Rational/src/main/scala/Rational.scala. Using presentation compiler with project's scala-library version: 3.3.3
2024.10.11 07:34:00 INFO  no build target found for /Users/toviasnunezborrero/Documents/GitHub/ProgrammierkonzepteDataMining/Rational/src/main/scala/Rational.scala. Using presentation compiler with project's scala-library version: 3.3.3
2024.10.11 07:34:00 INFO  no build target found for /Users/toviasnunezborrero/Documents/GitHub/ProgrammierkonzepteDataMining/Rational/src/main/scala/Rational.scala. Using presentation compiler with project's scala-library version: 3.3.3
2024.10.11 07:38:11 WARN  no build target for: /Users/toviasnunezborrero/Documents/GitHub/ProgrammierkonzepteDataMining/Rational/build.sbt
2024.10.11 07:38:11 INFO  no build target found for /Users/toviasnunezborrero/Documents/GitHub/ProgrammierkonzepteDataMining/Rational/build.sbt. Using presentation compiler with project's scala-library version: 3.3.3
2024.10.11 07:45:32 INFO  no build target found for /Users/toviasnunezborrero/Documents/GitHub/ProgrammierkonzepteDataMining/Rational/src/main/scala/Rational.scala. Using presentation compiler with project's scala-library version: 3.3.3
2024.10.11 07:45:34 INFO  no build target found for /Users/toviasnunezborrero/Documents/GitHub/ProgrammierkonzepteDataMining/Rational/src/main/scala/Rational.scala. Using presentation compiler with project's scala-library version: 3.3.3
2024.10.11 07:48:51 INFO  no build target found for /Users/toviasnunezborrero/Documents/GitHub/ProgrammierkonzepteDataMining/Rational/src/main/scala/Rational.scala. Using presentation compiler with project's scala-library version: 3.3.3
2024.10.11 07:52:54 INFO  no build target found for /Users/toviasnunezborrero/Documents/GitHub/ProgrammierkonzepteDataMining/Rational/src/main/scala/Rational.scala. Using presentation compiler with project's scala-library version: 3.3.3
2024.10.11 07:52:56 INFO  no build target found for /Users/toviasnunezborrero/Documents/GitHub/ProgrammierkonzepteDataMining/Rational/src/main/scala/Rational.scala. Using presentation compiler with project's scala-library version: 3.3.3
2024.10.11 07:53:24 INFO  no build target found for /Users/toviasnunezborrero/Documents/GitHub/ProgrammierkonzepteDataMining/Rational/src/main/scala/Rational.scala. Using presentation compiler with project's scala-library version: 3.3.3
2024.10.11 07:53:25 INFO  no build target found for /Users/toviasnunezborrero/Documents/GitHub/ProgrammierkonzepteDataMining/Rational/src/main/scala/Rational.scala. Using presentation compiler with project's scala-library version: 3.3.3
2024.10.11 07:53:36 INFO  no build target found for /Users/toviasnunezborrero/Documents/GitHub/ProgrammierkonzepteDataMining/Rational/src/main/scala/Rational.scala. Using presentation compiler with project's scala-library version: 3.3.3
Okt. 11, 2024 7:53:36 AM org.eclipse.lsp4j.jsonrpc.RemoteEndpoint handleCancellation
WARNUNG: Unmatched cancel notification for request id 1107
2024.10.11 07:53:53 WARN  no build target for: /Users/toviasnunezborrero/Documents/GitHub/ProgrammierkonzepteDataMining/Rational/src/main/scala/Rational.scala
2024.10.11 07:53:53 INFO  no build target found for /Users/toviasnunezborrero/Documents/GitHub/ProgrammierkonzepteDataMining/Rational/src/main/scala/Rational.scala. Using presentation compiler with project's scala-library version: 3.3.3
2024.10.11 07:55:03 INFO  no build target found for /Users/toviasnunezborrero/Documents/GitHub/ProgrammierkonzepteDataMining/Rational/src/main/scala/Rational.scala. Using presentation compiler with project's scala-library version: 3.3.3
2024.10.11 08:06:21 INFO  Shutting down server
2024.10.11 08:06:21 INFO  shutting down Metals
2024.10.11 08:06:21 INFO  Exiting server
