2024.10.10 08:01:27 INFO  Started: Metals version 1.3.5 in folders 'D:\GitHub\ProgrammierkonzepteDataMining\Scala-Developer-Master\ScalaFundamentals' for client Visual Studio Code 1.85.2.
SLF4J(W): Class path contains multiple SLF4J providers.
SLF4J(W): Found provider [scribe.slf4j.ScribeServiceProvider@733e21d6]
SLF4J(W): Found provider [ch.qos.logback.classic.spi.LogbackServiceProvider@6ac2e840]
SLF4J(W): See https://www.slf4j.org/codes.html#multiple_bindings for an explanation.
SLF4J(I): Actual provider is of type [scribe.slf4j.ScribeServiceProvider@733e21d6]
2024.10.10 08:01:27 WARN  Flyway upgrade recommended: H2 2.3.230 is newer than this version of Flyway and support has not been tested. The latest supported version of H2 is 2.2.220.
2024.10.10 08:01:31 INFO  no build target found for D:\GitHub\ProgrammierkonzepteDataMining\Scala-Developer-Master\ScalaFundamentals\src\main\scala\HelloWorld.scala. Using presentation compiler with project's scala-library version: 3.3.3
Oct 10, 2024 8:01:36 AM org.eclipse.lsp4j.jsonrpc.RemoteEndpoint handleCancellation
WARNING: Unmatched cancel notification for request id 1
Oct 10, 2024 8:01:36 AM org.eclipse.lsp4j.jsonrpc.RemoteEndpoint handleCancellation
WARNING: Unmatched cancel notification for request id 3
Oct 10, 2024 8:01:36 AM org.eclipse.lsp4j.jsonrpc.services.GenericEndpoint notify
INFO: Unsupported notification method: $/setTrace
Oct 10, 2024 8:01:36 AM org.eclipse.lsp4j.jsonrpc.services.GenericEndpoint notify
INFO: Unsupported notification method: $/setTrace
2024.10.10 08:01:38 INFO  no build target found for D:\GitHub\ProgrammierkonzepteDataMining\Scala-Developer-Master\ScalaFundamentals\src\main\scala\HelloWorld.scala. Using presentation compiler with project's scala-library version: 3.3.3
2024.10.10 08:01:43 INFO  running 'C:\Program Files\OpenLogic\jre-17.0.7.7-hotspot\bin\java.exe -Djline.terminal=jline.UnsupportedTerminal -Dsbt.log.noformat=true -Dfile.encoding=UTF-8 -jar C:\Users\NUNEZT~1\AppData\Local\Temp\metals7320025925527806767\sbt-launch.jar -Dbloop.export-jar-classifiers=sources bloopInstall'
2024.10.10 08:01:45 INFO  [info] welcome to sbt 1.10.2 (OpenLogic Java 17.0.7)
2024.10.10 08:01:46 INFO  [info] loading global plugins from C:\Users\nunezt_admin\.sbt\1.0\plugins
2024.10.10 08:01:48 INFO  [info] loading settings for project scalafundamentals-build-build from metals.sbt ...
2024.10.10 08:01:48 INFO  [info] loading project definition from D:\GitHub\ProgrammierkonzepteDataMining\Scala-Developer-Master\ScalaFundamentals\project\project
2024.10.10 08:01:50 INFO  [info] loading settings for project scalafundamentals-build from metals.sbt ...
2024.10.10 08:01:50 INFO  [info] loading project definition from D:\GitHub\ProgrammierkonzepteDataMining\Scala-Developer-Master\ScalaFundamentals\project
2024.10.10 08:01:52 INFO  no build target found for D:\GitHub\ProgrammierkonzepteDataMining\Scala-Developer-Master\ScalaFundamentals\src\main\scala\HelloWorld.scala. Using presentation compiler with project's scala-library version: 3.3.3
2024.10.10 08:01:52 INFO  no build target found for D:\GitHub\ProgrammierkonzepteDataMining\Scala-Developer-Master\ScalaFundamentals\src\main\scala\HelloWorld.scala. Using presentation compiler with project's scala-library version: 3.3.3
2024.10.10 08:01:52 INFO  [success] Generated .bloop\scalafundamentals-build.json
2024.10.10 08:01:52 INFO  [success] Total time: 2 s, completed Oct 10, 2024, 8:01:52 AM
2024.10.10 08:01:53 INFO  [info] loading settings for project root from build.sbt ...
2024.10.10 08:01:53 INFO  [info] set current project to ScalaFundamentals (in build file:/D:/GitHub/ProgrammierkonzepteDataMining/Scala-Developer-Master/ScalaFundamentals/)
2024.10.10 08:01:53 INFO  [success] Generated .bloop\root.json
2024.10.10 08:01:53 INFO  [success] Generated .bloop\root-test.json
2024.10.10 08:01:53 INFO  [success] Total time: 1 s, completed Oct 10, 2024, 8:01:54 AM
2024.10.10 08:01:54 INFO  time: ran 'sbt bloopInstall' in 10s
2024.10.10 08:01:54 INFO  Attempting to connect to the build server...
2024.10.10 08:01:54 INFO  tracing is disabled for protocol BSP, to enable tracing of incoming and outgoing JSON messages create an empty file at D:\GitHub\ProgrammierkonzepteDataMining\Scala-Developer-Master\ScalaFundamentals\.metals\bsp.trace.json or C:\Users\nunezt_admin\AppData\Local\scalameta\metals\cache\bsp.trace.json
2024.10.10 08:01:54 INFO  Attempting to connect to the build server...
2024.10.10 08:01:54 INFO  tracing is disabled for protocol BSP, to enable tracing of incoming and outgoing JSON messages create an empty file at D:\GitHub\ProgrammierkonzepteDataMining\Scala-Developer-Master\ScalaFundamentals\project\.metals\bsp.trace.json or C:\Users\nunezt_admin\AppData\Local\scalameta\metals\cache\bsp.trace.json
2024.10.10 08:01:54 INFO  time: Connected to build server in 0.17s
2024.10.10 08:01:54 INFO  Connected to Build server: Bloop v1.6.0
2024.10.10 08:01:54 INFO  running doctor check
2024.10.10 08:01:54 INFO  java targets: root-test, root, scalafundamentals-build
2024.10.10 08:01:56 WARN  Could not find java sources in C:\Program Files\OpenLogic\src.zip, C:\Program Files\OpenLogic\lib\src.zip, C:\Program Files\OpenLogic\jre-17.0.7.7-hotspot\src.zip, C:\Program Files\OpenLogic\jre-17.0.7.7-hotspot\lib\src.zip, C:\Program Files\OpenLogic\src.zip, C:\Program Files\OpenLogic\lib\src.zip, C:\Program Files\OpenLogic\jre-17.0.7.7-hotspot\src.zip, C:\Program Files\OpenLogic\jre-17.0.7.7-hotspot\lib\src.zip, C:\Program Files\OpenLogic\src.zip, C:\Program Files\OpenLogic\lib\src.zip, C:\Program Files\OpenLogic\jre-17.0.7.7-hotspot\src.zip, C:\Program Files\OpenLogic\jre-17.0.7.7-hotspot\lib\src.zip. Java symbols will not be available.
2024.10.10 08:02:00 WARN  Could not find java sources in C:\Program Files\OpenLogic\src.zip, C:\Program Files\OpenLogic\lib\src.zip, C:\Program Files\OpenLogic\jre-17.0.7.7-hotspot\src.zip, C:\Program Files\OpenLogic\jre-17.0.7.7-hotspot\lib\src.zip, C:\Program Files\OpenLogic\src.zip, C:\Program Files\OpenLogic\lib\src.zip, C:\Program Files\OpenLogic\jre-17.0.7.7-hotspot\src.zip, C:\Program Files\OpenLogic\jre-17.0.7.7-hotspot\lib\src.zip, C:\Program Files\OpenLogic\src.zip, C:\Program Files\OpenLogic\lib\src.zip, C:\Program Files\OpenLogic\jre-17.0.7.7-hotspot\src.zip, C:\Program Files\OpenLogic\jre-17.0.7.7-hotspot\lib\src.zip. Java symbols will not be available.
2024.10.10 08:02:00 INFO  time: indexed workspace in 6.12s
2024.10.10 08:22:03 INFO  Deduplicating compilation of root from bsp client 'Metals 1.3.5' (since 20m 9.233s)
2024.10.10 08:22:03 INFO  compiling root (1 scala source)
2024.10.10 08:22:03 INFO  compiling root (1 scala source)
2024.10.10 08:22:04 INFO  time: compiled root in 1.26s
2024.10.10 08:22:04 INFO  compiling root (1 scala source)
2024.10.10 08:22:04 INFO  time: compiled root in 0.19s
Oct 10, 2024 8:22:28 AM org.eclipse.lsp4j.jsonrpc.RemoteEndpoint handleCancellation
WARNING: Unmatched cancel notification for request id 135
Oct 10, 2024 8:23:29 AM org.eclipse.lsp4j.jsonrpc.RemoteEndpoint handleCancellation
WARNING: Unmatched cancel notification for request id 176
Oct 10, 2024 8:25:31 AM org.eclipse.lsp4j.jsonrpc.RemoteEndpoint handleCancellation
WARNING: Unmatched cancel notification for request id 206
2024.10.10 08:26:11 INFO  Can not organize imports if file has error
2024.10.10 08:26:11 INFO  compiling root (1 scala source)
2024.10.10 08:26:11 INFO  time: compiled root in 0.85s
2024.10.10 08:26:39 INFO  compiling root (1 scala source)
2024.10.10 08:26:39 INFO  time: compiled root in 0.29s
2024.10.10 08:26:50 ERROR D:\GitHub\ProgrammierkonzepteDataMining\Scala-Developer-Master\ScalaFundamentals\.metals\.tmp\src\main\scala\HelloWorld.scala:11: error: unclosed multi-line string interpolation
  println(S""")
              ^
scala.meta.internal.metals.ScalafixProvider$ScalafixRunException: D:\GitHub\ProgrammierkonzepteDataMining\Scala-Developer-Master\ScalaFundamentals\.metals\.tmp\src\main\scala\HelloWorld.scala:11: error: unclosed multi-line string interpolation
  println(S""")
              ^
	at scala.meta.internal.metals.ScalafixProvider.$anonfun$runScalafixRules$2(ScalafixProvider.scala:130)
	at scala.concurrent.impl.Promise$Transformation.run(Promise.scala:470)
	at java.util.concurrent.ThreadPoolExecutor.runWorker(null)
	at java.util.concurrent.ThreadPoolExecutor$Worker.run(null)
	at java.lang.Thread.run(null)

Oct 10, 2024 8:26:50 AM org.eclipse.lsp4j.jsonrpc.RemoteEndpoint fallbackResponseError
SEVERE: Internal error: scala.meta.internal.metals.ScalafixProvider$ScalafixRunException: D:\GitHub\ProgrammierkonzepteDataMining\Scala-Developer-Master\ScalaFundamentals\.metals\.tmp\src\main\scala\HelloWorld.scala:11: error: unclosed multi-line string interpolation
  println(S""")
              ^
java.util.concurrent.CompletionException: scala.meta.internal.metals.ScalafixProvider$ScalafixRunException: D:\GitHub\ProgrammierkonzepteDataMining\Scala-Developer-Master\ScalaFundamentals\.metals\.tmp\src\main\scala\HelloWorld.scala:11: error: unclosed multi-line string interpolation
  println(S""")
              ^
	at java.base/java.util.concurrent.CompletableFuture.encodeThrowable(Unknown Source)
	at java.base/java.util.concurrent.CompletableFuture.completeThrowable(Unknown Source)
	at java.base/java.util.concurrent.CompletableFuture$UniAccept.tryFire(Unknown Source)
	at java.base/java.util.concurrent.CompletableFuture.postComplete(Unknown Source)
	at java.base/java.util.concurrent.CompletableFuture.completeExceptionally(Unknown Source)
	at scala.meta.internal.metals.CancelTokens$.$anonfun$future$1(CancelTokens.scala:40)
	at scala.meta.internal.metals.CancelTokens$.$anonfun$future$1$adapted(CancelTokens.scala:38)
	at scala.concurrent.impl.Promise$Transformation.run(Promise.scala:484)
	at java.base/java.util.concurrent.ThreadPoolExecutor.runWorker(Unknown Source)
	at java.base/java.util.concurrent.ThreadPoolExecutor$Worker.run(Unknown Source)
	at java.base/java.lang.Thread.run(Unknown Source)
Caused by: scala.meta.internal.metals.ScalafixProvider$ScalafixRunException: D:\GitHub\ProgrammierkonzepteDataMining\Scala-Developer-Master\ScalaFundamentals\.metals\.tmp\src\main\scala\HelloWorld.scala:11: error: unclosed multi-line string interpolation
  println(S""")
              ^
	at scala.meta.internal.metals.ScalafixProvider.$anonfun$runScalafixRules$2(ScalafixProvider.scala:130)
	at scala.concurrent.impl.Promise$Transformation.run(Promise.scala:470)
	... 3 more

2024.10.10 08:26:50 INFO  compiling root (1 scala source)
2024.10.10 08:26:50 INFO  time: compiled root in 0.23s
2024.10.10 08:27:06 INFO  Can not organize imports if file has error
2024.10.10 08:27:07 INFO  compiling root (1 scala source)
2024.10.10 08:27:07 INFO  time: compiled root in 0.26s
2024.10.10 08:28:03 INFO  compiling root (1 scala source)
2024.10.10 08:28:03 INFO  time: compiled root in 0.22s
Oct 10, 2024 8:36:34 AM org.eclipse.lsp4j.jsonrpc.services.GenericEndpoint notify
INFO: Unsupported notification method: $/setTrace
2024.10.10 08:50:49 INFO  compiling root (1 scala source)
2024.10.10 08:50:49 INFO  time: compiled root in 54ms
2024.10.10 08:50:49 WARN  Could not find semantic tokens for: file:///D:/GitHub/ProgrammierkonzepteDataMining/Scala-Developer-Master/ScalaFundamentals/src/main/scala/HiMom.scala
2024.10.10 08:50:49 WARN  Could not find semantic tokens for: file:///D:/GitHub/ProgrammierkonzepteDataMining/Scala-Developer-Master/ScalaFundamentals/src/main/scala/HiMom.scala
2024.10.10 08:50:52 WARN  Could not find semantic tokens for: file:///D:/GitHub/ProgrammierkonzepteDataMining/Scala-Developer-Master/ScalaFundamentals/src/main/scala/HiMom.scala
2024.10.10 08:50:53 WARN  Could not find semantic tokens for: file:///D:/GitHub/ProgrammierkonzepteDataMining/Scala-Developer-Master/ScalaFundamentals/src/main/scala/HiMom.scala
2024.10.10 08:50:53 WARN  Could not find semantic tokens for: file:///D:/GitHub/ProgrammierkonzepteDataMining/Scala-Developer-Master/ScalaFundamentals/src/main/scala/HiMom.scala
2024.10.10 08:50:55 WARN  Could not find semantic tokens for: file:///D:/GitHub/ProgrammierkonzepteDataMining/Scala-Developer-Master/ScalaFundamentals/src/main/scala/HiMom.scala
2024.10.10 08:50:56 WARN  Could not find semantic tokens for: file:///D:/GitHub/ProgrammierkonzepteDataMining/Scala-Developer-Master/ScalaFundamentals/src/main/scala/HiMom.scala
2024.10.10 08:50:58 WARN  Could not find semantic tokens for: file:///D:/GitHub/ProgrammierkonzepteDataMining/Scala-Developer-Master/ScalaFundamentals/src/main/scala/HiMom.scala
2024.10.10 08:50:58 WARN  Could not find semantic tokens for: file:///D:/GitHub/ProgrammierkonzepteDataMining/Scala-Developer-Master/ScalaFundamentals/src/main/scala/HiMom.scala
2024.10.10 08:51:00 WARN  Could not find semantic tokens for: file:///D:/GitHub/ProgrammierkonzepteDataMining/Scala-Developer-Master/ScalaFundamentals/src/main/scala/HiMom.scala
2024.10.10 08:51:03 WARN  Could not find semantic tokens for: file:///D:/GitHub/ProgrammierkonzepteDataMining/Scala-Developer-Master/ScalaFundamentals/src/main/scala/HiMom.scala
2024.10.10 08:51:06 WARN  Could not find semantic tokens for: file:///D:/GitHub/ProgrammierkonzepteDataMining/Scala-Developer-Master/ScalaFundamentals/src/main/scala/HiMom.scala
2024.10.10 08:52:25 INFO  compiling root (1 scala source)
2024.10.10 08:52:25 INFO  time: compiled root in 0.2s
Oct 10, 2024 1:01:47 PM org.eclipse.lsp4j.jsonrpc.RemoteEndpoint handleCancellation
WARNING: Unmatched cancel notification for request id 829
Oct 10, 2024 1:01:47 PM org.eclipse.lsp4j.jsonrpc.RemoteEndpoint handleCancellation
WARNING: Unmatched cancel notification for request id 830
2024.10.14 08:11:00 INFO  Started: Metals version 1.3.5 in folders 'D:\GitHub\ProgrammierkonzepteDataMining\Scala-Developer-Master\ScalaFundamentals' for client Visual Studio Code 1.85.2.
SLF4J(W): Class path contains multiple SLF4J providers.
SLF4J(W): Found provider [scribe.slf4j.ScribeServiceProvider@4380467d]
SLF4J(W): Found provider [ch.qos.logback.classic.spi.LogbackServiceProvider@337e8316]
SLF4J(W): See https://www.slf4j.org/codes.html#multiple_bindings for an explanation.
SLF4J(I): Actual provider is of type [scribe.slf4j.ScribeServiceProvider@4380467d]
2024.10.14 08:11:10 WARN  Flyway upgrade recommended: H2 2.3.230 is newer than this version of Flyway and support has not been tested. The latest supported version of H2 is 2.2.220.
2024.10.14 08:11:11 INFO  Attempting to connect to the build server...
Oct 14, 2024 8:11:12 AM org.eclipse.lsp4j.jsonrpc.services.GenericEndpoint notify
INFO: Unsupported notification method: $/setTrace
2024.10.14 08:11:12 INFO  no build target found for D:\GitHub\ProgrammierkonzepteDataMining\Scala-Developer-Master\ScalaFundamentals\src\main\scala\HiMom.scala. Using presentation compiler with project's scala-library version: 3.3.3
Oct 14, 2024 8:11:12 AM org.eclipse.lsp4j.jsonrpc.RemoteEndpoint handleCancellation
WARNING: Unmatched cancel notification for request id 2
Oct 14, 2024 8:11:12 AM org.eclipse.lsp4j.jsonrpc.RemoteEndpoint handleCancellation
WARNING: Unmatched cancel notification for request id 1
Oct 14, 2024 8:11:12 AM org.eclipse.lsp4j.jsonrpc.RemoteEndpoint handleCancellation
WARNING: Unmatched cancel notification for request id 3
2024.10.14 08:11:18 INFO  tracing is disabled for protocol BSP, to enable tracing of incoming and outgoing JSON messages create an empty file at D:\GitHub\ProgrammierkonzepteDataMining\Scala-Developer-Master\ScalaFundamentals\.metals\bsp.trace.json or C:\Users\nunezt_admin\AppData\Local\scalameta\metals\cache\bsp.trace.json
2024.10.14 08:11:18 INFO  Attempting to connect to the build server...
2024.10.14 08:11:18 INFO  tracing is disabled for protocol BSP, to enable tracing of incoming and outgoing JSON messages create an empty file at D:\GitHub\ProgrammierkonzepteDataMining\Scala-Developer-Master\ScalaFundamentals\project\.metals\bsp.trace.json or C:\Users\nunezt_admin\AppData\Local\scalameta\metals\cache\bsp.trace.json
2024.10.14 08:11:18 INFO  time: Connected to build server in 7.25s
2024.10.14 08:11:18 INFO  Connected to Build server: Bloop v1.6.0
2024.10.14 08:11:18 INFO  time: Imported build in 0.17s
2024.10.14 08:11:18 INFO  running doctor check
2024.10.14 08:11:18 INFO  java targets: root-test, root, scalafundamentals-build
2024.10.14 08:11:20 WARN  Could not find java sources in C:\Program Files\OpenLogic\src.zip, C:\Program Files\OpenLogic\lib\src.zip, C:\Program Files\OpenLogic\jre-17.0.7.7-hotspot\src.zip, C:\Program Files\OpenLogic\jre-17.0.7.7-hotspot\lib\src.zip, C:\Program Files\OpenLogic\src.zip, C:\Program Files\OpenLogic\lib\src.zip, C:\Program Files\OpenLogic\jre-17.0.7.7-hotspot\src.zip, C:\Program Files\OpenLogic\jre-17.0.7.7-hotspot\lib\src.zip, C:\Program Files\OpenLogic\src.zip, C:\Program Files\OpenLogic\lib\src.zip, C:\Program Files\OpenLogic\jre-17.0.7.7-hotspot\src.zip, C:\Program Files\OpenLogic\jre-17.0.7.7-hotspot\lib\src.zip. Java symbols will not be available.
2024.10.14 08:11:20 WARN  Could not find java sources in C:\Program Files\OpenLogic\src.zip, C:\Program Files\OpenLogic\lib\src.zip, C:\Program Files\OpenLogic\jre-17.0.7.7-hotspot\src.zip, C:\Program Files\OpenLogic\jre-17.0.7.7-hotspot\lib\src.zip, C:\Program Files\OpenLogic\src.zip, C:\Program Files\OpenLogic\lib\src.zip, C:\Program Files\OpenLogic\jre-17.0.7.7-hotspot\src.zip, C:\Program Files\OpenLogic\jre-17.0.7.7-hotspot\lib\src.zip, C:\Program Files\OpenLogic\src.zip, C:\Program Files\OpenLogic\lib\src.zip, C:\Program Files\OpenLogic\jre-17.0.7.7-hotspot\src.zip, C:\Program Files\OpenLogic\jre-17.0.7.7-hotspot\lib\src.zip. Java symbols will not be available.
2024.10.14 08:11:20 INFO  time: indexed workspace in 3.02s
Oct 14, 2024 8:17:14 AM org.eclipse.lsp4j.jsonrpc.services.GenericEndpoint notify
INFO: Unsupported notification method: $/setTrace
Oct 14, 2024 8:18:26 AM org.eclipse.lsp4j.jsonrpc.services.GenericEndpoint notify
INFO: Unsupported notification method: $/setTrace
2024.10.14 08:21:12 INFO  Shutting down server
2024.10.14 08:21:12 INFO  shutting down Metals
2024.10.14 08:21:12 INFO  Shut down connection with build server.
2024.10.14 08:21:12 INFO  Shut down connection with build server.
2024.10.14 08:21:12 INFO  Exiting server
